<?xml version="1.0" encoding="UTF-8"?>
<coverage generated="1559243862692" clover="3.2.0">
  <project timestamp="1559243862692" name="All files">
    <metrics statements="276" coveredstatements="205" conditionals="122" coveredconditionals="37" methods="96" coveredmethods="64" elements="494" coveredelements="306" complexity="0" loc="276" ncloc="276" packages="18" files="28" classes="28"/>
    <package name="actions">
      <metrics statements="8" coveredstatements="8" conditionals="0" coveredconditionals="0" methods="8" coveredmethods="8"/>
      <file name="index.js" path="/Users/jessicahansen/turing/mod4/cross-pollination/ride-with-me/src/actions/index.js">
        <metrics statements="8" coveredstatements="8" conditionals="0" coveredconditionals="0" methods="8" coveredmethods="8"/>
        <line num="1" count="19" type="stmt"/>
        <line num="6" count="19" type="stmt"/>
        <line num="11" count="22" type="stmt"/>
        <line num="16" count="19" type="stmt"/>
        <line num="21" count="19" type="stmt"/>
        <line num="26" count="19" type="stmt"/>
        <line num="31" count="19" type="stmt"/>
        <line num="36" count="19" type="stmt"/>
      </file>
    </package>
    <package name="components.Callback">
      <metrics statements="2" coveredstatements="2" conditionals="0" coveredconditionals="0" methods="1" coveredmethods="1"/>
      <file name="Callback.js" path="/Users/jessicahansen/turing/mod4/cross-pollination/ride-with-me/src/components/Callback/Callback.js">
        <metrics statements="2" coveredstatements="2" conditionals="0" coveredconditionals="0" methods="1" coveredmethods="1"/>
        <line num="3" count="2" type="stmt"/>
        <line num="5" count="1" type="stmt"/>
      </file>
    </package>
    <package name="components.Loader">
      <metrics statements="2" coveredstatements="2" conditionals="0" coveredconditionals="0" methods="1" coveredmethods="1"/>
      <file name="Loader.js" path="/Users/jessicahansen/turing/mod4/cross-pollination/ride-with-me/src/components/Loader/Loader.js">
        <metrics statements="2" coveredstatements="2" conditionals="0" coveredconditionals="0" methods="1" coveredmethods="1"/>
        <line num="4" count="8" type="stmt"/>
        <line num="5" count="1" type="stmt"/>
      </file>
    </package>
    <package name="components.NotFound">
      <metrics statements="2" coveredstatements="2" conditionals="0" coveredconditionals="0" methods="1" coveredmethods="1"/>
      <file name="NotFound.js" path="/Users/jessicahansen/turing/mod4/cross-pollination/ride-with-me/src/components/NotFound/NotFound.js">
        <metrics statements="2" coveredstatements="2" conditionals="0" coveredconditionals="0" methods="1" coveredmethods="1"/>
        <line num="4" count="2" type="stmt"/>
        <line num="6" count="1" type="stmt"/>
      </file>
    </package>
    <package name="components.SearchResults">
      <metrics statements="3" coveredstatements="2" conditionals="0" coveredconditionals="0" methods="2" coveredmethods="1"/>
      <file name="SearchResults.js" path="/Users/jessicahansen/turing/mod4/cross-pollination/ride-with-me/src/components/SearchResults/SearchResults.js">
        <metrics statements="3" coveredstatements="2" conditionals="0" coveredconditionals="0" methods="2" coveredmethods="1"/>
        <line num="3" count="3" type="stmt"/>
        <line num="4" count="1" type="stmt"/>
        <line num="11" count="0" type="stmt"/>
      </file>
    </package>
    <package name="components.Welcome">
      <metrics statements="2" coveredstatements="2" conditionals="0" coveredconditionals="0" methods="1" coveredmethods="1"/>
      <file name="Welcome.js" path="/Users/jessicahansen/turing/mod4/cross-pollination/ride-with-me/src/components/Welcome/Welcome.js">
        <metrics statements="2" coveredstatements="2" conditionals="0" coveredconditionals="0" methods="1" coveredmethods="1"/>
        <line num="3" count="2" type="stmt"/>
        <line num="5" count="1" type="stmt"/>
      </file>
    </package>
    <package name="containers.App">
      <metrics statements="10" coveredstatements="6" conditionals="2" coveredconditionals="0" methods="8" coveredmethods="4"/>
      <file name="App.js" path="/Users/jessicahansen/turing/mod4/cross-pollination/ride-with-me/src/containers/App/App.js">
        <metrics statements="10" coveredstatements="6" conditionals="2" coveredconditionals="0" methods="8" coveredmethods="4"/>
        <line num="20" count="5" type="stmt"/>
        <line num="21" count="5" type="stmt"/>
        <line num="25" count="3" type="stmt"/>
        <line num="45" count="0" type="stmt"/>
        <line num="46" count="0" type="cond" truecount="0" falsecount="2"/>
        <line num="47" count="0" type="stmt"/>
        <line num="58" count="1" type="stmt"/>
        <line num="63" count="1" type="stmt"/>
        <line num="64" count="1" type="stmt"/>
        <line num="65" count="0" type="stmt"/>
      </file>
    </package>
    <package name="containers.CreateRide">
      <metrics statements="22" coveredstatements="13" conditionals="12" coveredconditionals="1" methods="8" coveredmethods="5"/>
      <file name="CreateRide.js" path="/Users/jessicahansen/turing/mod4/cross-pollination/ride-with-me/src/containers/CreateRide/CreateRide.js">
        <metrics statements="22" coveredstatements="13" conditionals="12" coveredconditionals="1" methods="8" coveredmethods="5"/>
        <line num="10" count="1" type="stmt"/>
        <line num="11" count="1" type="stmt"/>
        <line num="23" count="1" type="stmt"/>
        <line num="24" count="1" type="stmt"/>
        <line num="25" count="1" type="stmt"/>
        <line num="28" count="1" type="stmt"/>
        <line num="29" count="0" type="stmt"/>
        <line num="30" count="0" type="cond" truecount="0" falsecount="2"/>
        <line num="31" count="0" type="stmt"/>
        <line num="32" count="0" type="stmt"/>
        <line num="34" count="0" type="stmt"/>
        <line num="38" count="1" type="stmt"/>
        <line num="39" count="4" type="stmt"/>
        <line num="40" count="8" type="stmt"/>
        <line num="45" count="2" type="stmt"/>
        <line num="46" count="2" type="stmt"/>
        <line num="67" count="2" type="stmt"/>
        <line num="115" count="0" type="cond" truecount="0" falsecount="2"/>
        <line num="116" count="0" type="cond" truecount="0" falsecount="2"/>
        <line num="117" count="0" type="cond" truecount="0" falsecount="2"/>
        <line num="118" count="0" type="cond" truecount="0" falsecount="2"/>
        <line num="127" count="2" type="stmt"/>
      </file>
    </package>
    <package name="containers.Login">
      <metrics statements="17" coveredstatements="16" conditionals="2" coveredconditionals="2" methods="9" coveredmethods="8"/>
      <file name="Login.js" path="/Users/jessicahansen/turing/mod4/cross-pollination/ride-with-me/src/containers/Login/Login.js">
        <metrics statements="17" coveredstatements="16" conditionals="2" coveredconditionals="2" methods="9" coveredmethods="8"/>
        <line num="10" count="5" type="stmt"/>
        <line num="11" count="5" type="stmt"/>
        <line num="20" count="5" type="stmt"/>
        <line num="21" count="2" type="stmt"/>
        <line num="22" count="2" type="stmt"/>
        <line num="29" count="2" type="stmt"/>
        <line num="32" count="5" type="stmt"/>
        <line num="33" count="3" type="stmt"/>
        <line num="34" count="3" type="stmt"/>
        <line num="35" count="3" type="stmt"/>
        <line num="38" count="5" type="stmt"/>
        <line num="49" count="0" type="stmt"/>
        <line num="53" count="7" type="stmt"/>
        <line num="70" count="2" type="stmt"/>
        <line num="74" count="2" type="stmt"/>
        <line num="75" count="1" type="stmt"/>
        <line num="76" count="1" type="stmt"/>
      </file>
    </package>
    <package name="containers.MyRequests">
      <metrics statements="18" coveredstatements="6" conditionals="22" coveredconditionals="1" methods="6" coveredmethods="2"/>
      <file name="MyRequests.js" path="/Users/jessicahansen/turing/mod4/cross-pollination/ride-with-me/src/containers/MyRequests/MyRequests.js">
        <metrics statements="18" coveredstatements="6" conditionals="22" coveredconditionals="1" methods="6" coveredmethods="2"/>
        <line num="8" count="2" type="stmt"/>
        <line num="21" count="2" type="stmt"/>
        <line num="30" count="2" type="stmt"/>
        <line num="44" count="1" type="stmt"/>
        <line num="45" count="1" type="stmt"/>
        <line num="53" count="0" type="cond" truecount="0" falsecount="2"/>
        <line num="54" count="0" type="cond" truecount="0" falsecount="2"/>
        <line num="55" count="0" type="stmt"/>
        <line num="56" count="0" type="stmt"/>
        <line num="66" count="0" type="cond" truecount="0" falsecount="2"/>
        <line num="67" count="0" type="cond" truecount="0" falsecount="2"/>
        <line num="68" count="0" type="cond" truecount="0" falsecount="2"/>
        <line num="69" count="0" type="cond" truecount="0" falsecount="2"/>
        <line num="77" count="0" type="cond" truecount="0" falsecount="2"/>
        <line num="78" count="0" type="cond" truecount="0" falsecount="2"/>
        <line num="79" count="0" type="cond" truecount="0" falsecount="2"/>
        <line num="80" count="0" type="cond" truecount="0" falsecount="2"/>
        <line num="92" count="2" type="stmt"/>
      </file>
    </package>
    <package name="containers.MyRides">
      <metrics statements="8" coveredstatements="4" conditionals="6" coveredconditionals="1" methods="4" coveredmethods="2"/>
      <file name="MyRides.js" path="/Users/jessicahansen/turing/mod4/cross-pollination/ride-with-me/src/containers/MyRides/MyRides.js">
        <metrics statements="8" coveredstatements="4" conditionals="6" coveredconditionals="1" methods="4" coveredmethods="2"/>
        <line num="11" count="1" type="stmt"/>
        <line num="12" count="1" type="stmt"/>
        <line num="30" count="1" type="stmt"/>
        <line num="36" count="0" type="cond" truecount="0" falsecount="2"/>
        <line num="37" count="0" type="cond" truecount="0" falsecount="2"/>
        <line num="38" count="0" type="stmt"/>
        <line num="39" count="0" type="stmt"/>
        <line num="58" count="2" type="stmt"/>
      </file>
    </package>
    <package name="containers.Profile">
      <metrics statements="7" coveredstatements="7" conditionals="2" coveredconditionals="1" methods="5" coveredmethods="5"/>
      <file name="Profile.js" path="/Users/jessicahansen/turing/mod4/cross-pollination/ride-with-me/src/containers/Profile/Profile.js">
        <metrics statements="7" coveredstatements="7" conditionals="2" coveredconditionals="1" methods="5" coveredmethods="5"/>
        <line num="9" count="2" type="stmt"/>
        <line num="10" count="1" type="stmt"/>
        <line num="14" count="2" type="stmt"/>
        <line num="15" count="2" type="stmt"/>
        <line num="33" count="2" type="stmt"/>
        <line num="37" count="2" type="stmt"/>
        <line num="38" count="1" type="stmt"/>
      </file>
    </package>
    <package name="containers.RideInfo">
      <metrics statements="23" coveredstatements="3" conditionals="24" coveredconditionals="0" methods="7" coveredmethods="1"/>
      <file name="RideInfo.js" path="/Users/jessicahansen/turing/mod4/cross-pollination/ride-with-me/src/containers/RideInfo/RideInfo.js">
        <metrics statements="23" coveredstatements="3" conditionals="24" coveredconditionals="0" methods="7" coveredmethods="1"/>
        <line num="7" count="2" type="stmt"/>
        <line num="16" count="2" type="stmt"/>
        <line num="26" count="0" type="stmt"/>
        <line num="27" count="0" type="stmt"/>
        <line num="33" count="0" type="stmt"/>
        <line num="34" count="0" type="stmt"/>
        <line num="35" count="0" type="cond" truecount="0" falsecount="2"/>
        <line num="36" count="0" type="stmt"/>
        <line num="41" count="0" type="stmt"/>
        <line num="42" count="0" type="stmt"/>
        <line num="43" count="0" type="stmt"/>
        <line num="44" count="0" type="stmt"/>
        <line num="45" count="0" type="stmt"/>
        <line num="47" count="0" type="stmt"/>
        <line num="66" count="0" type="cond" truecount="0" falsecount="2"/>
        <line num="67" count="0" type="cond" truecount="0" falsecount="2"/>
        <line num="68" count="0" type="cond" truecount="0" falsecount="2"/>
        <line num="69" count="0" type="cond" truecount="0" falsecount="2"/>
        <line num="78" count="0" type="cond" truecount="0" falsecount="2"/>
        <line num="79" count="0" type="cond" truecount="0" falsecount="2"/>
        <line num="80" count="0" type="cond" truecount="0" falsecount="2"/>
        <line num="81" count="0" type="cond" truecount="0" falsecount="2"/>
        <line num="93" count="2" type="stmt"/>
      </file>
    </package>
    <package name="containers.RideRequest">
      <metrics statements="17" coveredstatements="11" conditionals="8" coveredconditionals="0" methods="6" coveredmethods="4"/>
      <file name="RideRequest.js" path="/Users/jessicahansen/turing/mod4/cross-pollination/ride-with-me/src/containers/RideRequest/RideRequest.js">
        <metrics statements="17" coveredstatements="11" conditionals="8" coveredconditionals="0" methods="6" coveredmethods="4"/>
        <line num="9" count="3" type="stmt"/>
        <line num="10" count="3" type="stmt"/>
        <line num="15" count="3" type="stmt"/>
        <line num="16" count="1" type="stmt"/>
        <line num="17" count="1" type="stmt"/>
        <line num="21" count="4" type="stmt"/>
        <line num="22" count="4" type="stmt"/>
        <line num="23" count="4" type="stmt"/>
        <line num="24" count="4" type="stmt"/>
        <line num="35" count="4" type="stmt"/>
        <line num="49" count="0" type="cond" truecount="0" falsecount="2"/>
        <line num="50" count="0" type="cond" truecount="0" falsecount="2"/>
        <line num="51" count="0" type="cond" truecount="0" falsecount="2"/>
        <line num="52" count="0" type="stmt"/>
        <line num="53" count="0" type="stmt"/>
        <line num="59" count="0" type="cond" truecount="0" falsecount="2"/>
        <line num="68" count="3" type="stmt"/>
      </file>
    </package>
    <package name="containers.RideSearch">
      <metrics statements="27" coveredstatements="13" conditionals="12" coveredconditionals="6" methods="11" coveredmethods="2"/>
      <file name="RideSearch.js" path="/Users/jessicahansen/turing/mod4/cross-pollination/ride-with-me/src/containers/RideSearch/RideSearch.js">
        <metrics statements="27" coveredstatements="13" conditionals="12" coveredconditionals="6" methods="11" coveredmethods="2"/>
        <line num="11" count="2" type="stmt"/>
        <line num="12" count="2" type="stmt"/>
        <line num="22" count="2" type="stmt"/>
        <line num="23" count="0" type="stmt"/>
        <line num="24" count="0" type="stmt"/>
        <line num="27" count="2" type="stmt"/>
        <line num="29" count="0" type="stmt"/>
        <line num="30" count="0" type="stmt"/>
        <line num="31" count="0" type="cond" truecount="0" falsecount="2"/>
        <line num="32" count="0" type="stmt"/>
        <line num="34" count="0" type="stmt"/>
        <line num="36" count="0" type="stmt"/>
        <line num="39" count="2" type="stmt"/>
        <line num="40" count="0" type="stmt"/>
        <line num="41" count="0" type="stmt"/>
        <line num="45" count="2" type="stmt"/>
        <line num="46" count="0" type="stmt"/>
        <line num="50" count="2" type="stmt"/>
        <line num="51" count="2" type="stmt"/>
        <line num="54" count="2" type="cond" truecount="1" falsecount="1"/>
        <line num="55" count="0" type="stmt"/>
        <line num="56" count="0" type="stmt"/>
        <line num="59" count="2" type="cond" truecount="1" falsecount="1"/>
        <line num="61" count="2" type="stmt"/>
        <line num="97" count="2" type="stmt"/>
        <line num="104" count="2" type="stmt"/>
        <line num="105" count="0" type="stmt"/>
      </file>
    </package>
    <package name="reducers">
      <metrics statements="29" coveredstatements="29" conditionals="22" coveredconditionals="15" methods="7" coveredmethods="7"/>
      <file name="citiesReducer.js" path="/Users/jessicahansen/turing/mod4/cross-pollination/ride-with-me/src/reducers/citiesReducer.js">
        <metrics statements="4" coveredstatements="4" conditionals="3" coveredconditionals="2" methods="1" coveredmethods="1"/>
        <line num="1" count="1" type="cond" truecount="0" falsecount="1"/>
        <line num="2" count="2" type="cond" truecount="2" falsecount="0"/>
        <line num="4" count="1" type="stmt"/>
        <line num="7" count="1" type="stmt"/>
      </file>
      <file name="errorReducer.js" path="/Users/jessicahansen/turing/mod4/cross-pollination/ride-with-me/src/reducers/errorReducer.js">
        <metrics statements="4" coveredstatements="4" conditionals="3" coveredconditionals="2" methods="1" coveredmethods="1"/>
        <line num="1" count="1" type="cond" truecount="0" falsecount="1"/>
        <line num="2" count="2" type="cond" truecount="2" falsecount="0"/>
        <line num="4" count="1" type="stmt"/>
        <line num="7" count="1" type="stmt"/>
      </file>
      <file name="loadingReducer.js" path="/Users/jessicahansen/turing/mod4/cross-pollination/ride-with-me/src/reducers/loadingReducer.js">
        <metrics statements="4" coveredstatements="4" conditionals="3" coveredconditionals="2" methods="1" coveredmethods="1"/>
        <line num="1" count="1" type="cond" truecount="0" falsecount="1"/>
        <line num="2" count="2" type="cond" truecount="2" falsecount="0"/>
        <line num="4" count="1" type="stmt"/>
        <line num="7" count="1" type="stmt"/>
      </file>
      <file name="ridesReducer.js" path="/Users/jessicahansen/turing/mod4/cross-pollination/ride-with-me/src/reducers/ridesReducer.js">
        <metrics statements="4" coveredstatements="4" conditionals="3" coveredconditionals="2" methods="1" coveredmethods="1"/>
        <line num="1" count="1" type="cond" truecount="0" falsecount="1"/>
        <line num="2" count="2" type="cond" truecount="2" falsecount="0"/>
        <line num="4" count="1" type="stmt"/>
        <line num="7" count="1" type="stmt"/>
      </file>
      <file name="searchResultsReducer.js" path="/Users/jessicahansen/turing/mod4/cross-pollination/ride-with-me/src/reducers/searchResultsReducer.js">
        <metrics statements="4" coveredstatements="4" conditionals="3" coveredconditionals="2" methods="1" coveredmethods="1"/>
        <line num="1" count="1" type="cond" truecount="0" falsecount="1"/>
        <line num="2" count="2" type="cond" truecount="2" falsecount="0"/>
        <line num="4" count="1" type="stmt"/>
        <line num="7" count="1" type="stmt"/>
      </file>
      <file name="searchableCitiesReducer.js" path="/Users/jessicahansen/turing/mod4/cross-pollination/ride-with-me/src/reducers/searchableCitiesReducer.js">
        <metrics statements="4" coveredstatements="4" conditionals="3" coveredconditionals="2" methods="1" coveredmethods="1"/>
        <line num="1" count="1" type="cond" truecount="0" falsecount="1"/>
        <line num="2" count="2" type="cond" truecount="2" falsecount="0"/>
        <line num="4" count="1" type="stmt"/>
        <line num="7" count="1" type="stmt"/>
      </file>
      <file name="userReducer.js" path="/Users/jessicahansen/turing/mod4/cross-pollination/ride-with-me/src/reducers/userReducer.js">
        <metrics statements="5" coveredstatements="5" conditionals="4" coveredconditionals="3" methods="1" coveredmethods="1"/>
        <line num="1" count="1" type="cond" truecount="0" falsecount="1"/>
        <line num="2" count="3" type="cond" truecount="3" falsecount="0"/>
        <line num="4" count="1" type="stmt"/>
        <line num="7" count="1" type="stmt"/>
        <line num="10" count="1" type="stmt"/>
      </file>
    </package>
    <package name="thunks">
      <metrics statements="78" coveredstatements="78" conditionals="10" coveredconditionals="10" methods="10" coveredmethods="10"/>
      <file name="fetchCities.js" path="/Users/jessicahansen/turing/mod4/cross-pollination/ride-with-me/src/thunks/fetchCities.js">
        <metrics statements="16" coveredstatements="16" conditionals="2" coveredconditionals="2" methods="2" coveredmethods="2"/>
        <line num="4" count="2" type="stmt"/>
        <line num="5" count="2" type="stmt"/>
        <line num="6" count="2" type="stmt"/>
        <line num="7" count="2" type="stmt"/>
        <line num="8" count="2" type="stmt"/>
        <line num="9" count="2" type="stmt"/>
        <line num="10" count="2" type="stmt"/>
        <line num="11" count="2" type="stmt"/>
        <line num="12" count="2" type="cond" truecount="2" falsecount="0"/>
        <line num="13" count="1" type="stmt"/>
        <line num="15" count="1" type="stmt"/>
        <line num="16" count="1" type="stmt"/>
        <line num="17" count="1" type="stmt"/>
        <line num="18" count="1" type="stmt"/>
        <line num="20" count="1" type="stmt"/>
        <line num="21" count="1" type="stmt"/>
      </file>
      <file name="fetchRideInfo.js" path="/Users/jessicahansen/turing/mod4/cross-pollination/ride-with-me/src/thunks/fetchRideInfo.js">
        <metrics statements="16" coveredstatements="16" conditionals="2" coveredconditionals="2" methods="2" coveredmethods="2"/>
        <line num="4" count="2" type="stmt"/>
        <line num="5" count="2" type="stmt"/>
        <line num="6" count="2" type="stmt"/>
        <line num="7" count="2" type="stmt"/>
        <line num="8" count="2" type="stmt"/>
        <line num="9" count="2" type="stmt"/>
        <line num="10" count="2" type="stmt"/>
        <line num="11" count="2" type="stmt"/>
        <line num="12" count="2" type="cond" truecount="2" falsecount="0"/>
        <line num="13" count="1" type="stmt"/>
        <line num="15" count="1" type="stmt"/>
        <line num="16" count="1" type="stmt"/>
        <line num="17" count="1" type="stmt"/>
        <line num="18" count="1" type="stmt"/>
        <line num="20" count="1" type="stmt"/>
        <line num="21" count="1" type="stmt"/>
      </file>
      <file name="fetchRideSearch.js" path="/Users/jessicahansen/turing/mod4/cross-pollination/ride-with-me/src/thunks/fetchRideSearch.js">
        <metrics statements="14" coveredstatements="14" conditionals="2" coveredconditionals="2" methods="2" coveredmethods="2"/>
        <line num="4" count="3" type="stmt"/>
        <line num="5" count="2" type="stmt"/>
        <line num="6" count="2" type="stmt"/>
        <line num="7" count="2" type="stmt"/>
        <line num="8" count="2" type="stmt"/>
        <line num="9" count="2" type="stmt"/>
        <line num="10" count="2" type="stmt"/>
        <line num="11" count="2" type="cond" truecount="2" falsecount="0"/>
        <line num="12" count="1" type="stmt"/>
        <line num="14" count="1" type="stmt"/>
        <line num="15" count="1" type="stmt"/>
        <line num="16" count="1" type="stmt"/>
        <line num="18" count="1" type="stmt"/>
        <line num="19" count="1" type="stmt"/>
      </file>
      <file name="fetchSearchableCities.js" path="/Users/jessicahansen/turing/mod4/cross-pollination/ride-with-me/src/thunks/fetchSearchableCities.js">
        <metrics statements="16" coveredstatements="16" conditionals="2" coveredconditionals="2" methods="2" coveredmethods="2"/>
        <line num="4" count="1" type="stmt"/>
        <line num="5" count="2" type="stmt"/>
        <line num="6" count="2" type="stmt"/>
        <line num="7" count="2" type="stmt"/>
        <line num="8" count="2" type="stmt"/>
        <line num="9" count="2" type="stmt"/>
        <line num="10" count="2" type="stmt"/>
        <line num="11" count="2" type="stmt"/>
        <line num="12" count="2" type="cond" truecount="2" falsecount="0"/>
        <line num="13" count="1" type="stmt"/>
        <line num="15" count="1" type="stmt"/>
        <line num="16" count="1" type="stmt"/>
        <line num="17" count="1" type="stmt"/>
        <line num="18" count="1" type="stmt"/>
        <line num="20" count="1" type="stmt"/>
        <line num="21" count="1" type="stmt"/>
      </file>
      <file name="mutateLogin.js" path="/Users/jessicahansen/turing/mod4/cross-pollination/ride-with-me/src/thunks/mutateLogin.js">
        <metrics statements="16" coveredstatements="16" conditionals="2" coveredconditionals="2" methods="2" coveredmethods="2"/>
        <line num="3" count="3" type="stmt"/>
        <line num="4" count="2" type="stmt"/>
        <line num="5" count="2" type="stmt"/>
        <line num="6" count="2" type="stmt"/>
        <line num="7" count="2" type="stmt"/>
        <line num="8" count="2" type="stmt"/>
        <line num="9" count="2" type="stmt"/>
        <line num="10" count="2" type="stmt"/>
        <line num="11" count="2" type="cond" truecount="2" falsecount="0"/>
        <line num="12" count="1" type="stmt"/>
        <line num="14" count="1" type="stmt"/>
        <line num="15" count="1" type="stmt"/>
        <line num="16" count="1" type="stmt"/>
        <line num="17" count="1" type="stmt"/>
        <line num="19" count="1" type="stmt"/>
        <line num="20" count="1" type="stmt"/>
      </file>
    </package>
    <package name="utils">
      <metrics statements="1" coveredstatements="1" conditionals="0" coveredconditionals="0" methods="1" coveredmethods="1"/>
      <file name="fetchOptionsCreator.js" path="/Users/jessicahansen/turing/mod4/cross-pollination/ride-with-me/src/utils/fetchOptionsCreator.js">
        <metrics statements="1" coveredstatements="1" conditionals="0" coveredconditionals="0" methods="1" coveredmethods="1"/>
        <line num="1" count="9" type="stmt"/>
      </file>
    </package>
  </project>
</coverage>
