{"/Users/jessicahansen/turing/mod4/cross-pollination/ride-with-me/src/actions/index.js": {"path":"/Users/jessicahansen/turing/mod4/cross-pollination/ride-with-me/src/actions/index.js","statementMap":{"0":{"start":{"line":1,"column":24},"end":{"line":4,"column":2}},"1":{"start":{"line":1,"column":38},"end":{"line":4,"column":1}},"2":{"start":{"line":6,"column":27},"end":{"line":9,"column":2}},"3":{"start":{"line":6,"column":40},"end":{"line":9,"column":1}}},"fnMap":{"0":{"name":"(anonymous_0)","decl":{"start":{"line":1,"column":24},"end":{"line":1,"column":25}},"loc":{"start":{"line":1,"column":38},"end":{"line":4,"column":1}},"line":1},"1":{"name":"(anonymous_1)","decl":{"start":{"line":6,"column":27},"end":{"line":6,"column":28}},"loc":{"start":{"line":6,"column":40},"end":{"line":9,"column":1}},"line":6}},"branchMap":{},"s":{"0":5,"1":4,"2":5,"3":4},"f":{"0":4,"1":4},"b":{},"_coverageSchema":"43e27e138ebf9cfc5966b082cf9a028302ed4184","hash":"718dd13367a4c218af54dc67e1fd920c4eb00d86"}
,"/Users/jessicahansen/turing/mod4/cross-pollination/ride-with-me/src/components/SearchResults/SearchResults.js": {"path":"/Users/jessicahansen/turing/mod4/cross-pollination/ride-with-me/src/components/SearchResults/SearchResults.js","statementMap":{"0":{"start":{"line":3,"column":29},"end":{"line":14,"column":1}},"1":{"start":{"line":4,"column":2},"end":{"line":13,"column":3}}},"fnMap":{"0":{"name":"(anonymous_0)","decl":{"start":{"line":3,"column":29},"end":{"line":3,"column":30}},"loc":{"start":{"line":3,"column":35},"end":{"line":14,"column":1}},"line":3}},"branchMap":{},"s":{"0":3,"1":1},"f":{"0":1},"b":{},"_coverageSchema":"43e27e138ebf9cfc5966b082cf9a028302ed4184","hash":"85c6f33e9777f5f07ad414201e73497215699dea"}
,"/Users/jessicahansen/turing/mod4/cross-pollination/ride-with-me/src/containers/App/App.js": {"path":"/Users/jessicahansen/turing/mod4/cross-pollination/ride-with-me/src/containers/App/App.js","statementMap":{"0":{"start":{"line":13,"column":4},"end":{"line":13,"column":28}},"1":{"start":{"line":17,"column":4},"end":{"line":32,"column":6}},"2":{"start":{"line":36,"column":34},"end":{"line":38,"column":2}},"3":{"start":{"line":36,"column":49},"end":{"line":38,"column":1}},"4":{"start":{"line":37,"column":21},"end":{"line":37,"column":44}}},"fnMap":{"0":{"name":"(anonymous_0)","decl":{"start":{"line":12,"column":2},"end":{"line":12,"column":3}},"loc":{"start":{"line":12,"column":22},"end":{"line":14,"column":3}},"line":12},"1":{"name":"(anonymous_1)","decl":{"start":{"line":16,"column":2},"end":{"line":16,"column":3}},"loc":{"start":{"line":16,"column":11},"end":{"line":33,"column":3}},"line":16},"2":{"name":"(anonymous_2)","decl":{"start":{"line":36,"column":34},"end":{"line":36,"column":35}},"loc":{"start":{"line":36,"column":49},"end":{"line":38,"column":1}},"line":36},"3":{"name":"(anonymous_3)","decl":{"start":{"line":37,"column":15},"end":{"line":37,"column":16}},"loc":{"start":{"line":37,"column":21},"end":{"line":37,"column":44}},"line":37}},"branchMap":{},"s":{"0":3,"1":2,"2":1,"3":1,"4":1},"f":{"0":3,"1":2,"2":1,"3":1},"b":{},"_coverageSchema":"43e27e138ebf9cfc5966b082cf9a028302ed4184","hash":"d77fad8d0ba9975dcef2a5040bc4546ec47c7615"}
,"/Users/jessicahansen/turing/mod4/cross-pollination/ride-with-me/src/containers/CreateRide/CreateRide.js": {"path":"/Users/jessicahansen/turing/mod4/cross-pollination/ride-with-me/src/containers/CreateRide/CreateRide.js","statementMap":{"0":{"start":{"line":6,"column":4},"end":{"line":37,"column":5}}},"fnMap":{"0":{"name":"(anonymous_0)","decl":{"start":{"line":5,"column":2},"end":{"line":5,"column":3}},"loc":{"start":{"line":5,"column":11},"end":{"line":38,"column":3}},"line":5}},"branchMap":{},"s":{"0":1},"f":{"0":1},"b":{},"_coverageSchema":"43e27e138ebf9cfc5966b082cf9a028302ed4184","hash":"9a533e7c0a5178552e452e9e941ebf14e3380f57"}
,"/Users/jessicahansen/turing/mod4/cross-pollination/ride-with-me/src/containers/MyRides/MyRides.js": {"path":"/Users/jessicahansen/turing/mod4/cross-pollination/ride-with-me/src/containers/MyRides/MyRides.js","statementMap":{"0":{"start":{"line":6,"column":4},"end":{"line":10,"column":5}}},"fnMap":{"0":{"name":"(anonymous_0)","decl":{"start":{"line":5,"column":2},"end":{"line":5,"column":3}},"loc":{"start":{"line":5,"column":11},"end":{"line":11,"column":3}},"line":5}},"branchMap":{},"s":{"0":1},"f":{"0":1},"b":{},"_coverageSchema":"43e27e138ebf9cfc5966b082cf9a028302ed4184","hash":"65e07c9b07ffec2b714e1f9771a8f6e9598587cc"}
,"/Users/jessicahansen/turing/mod4/cross-pollination/ride-with-me/src/containers/Profile/Profile.js": {"path":"/Users/jessicahansen/turing/mod4/cross-pollination/ride-with-me/src/containers/Profile/Profile.js","statementMap":{"0":{"start":{"line":6,"column":4},"end":{"line":15,"column":5}}},"fnMap":{"0":{"name":"(anonymous_0)","decl":{"start":{"line":5,"column":2},"end":{"line":5,"column":3}},"loc":{"start":{"line":5,"column":11},"end":{"line":16,"column":3}},"line":5}},"branchMap":{},"s":{"0":1},"f":{"0":1},"b":{},"_coverageSchema":"43e27e138ebf9cfc5966b082cf9a028302ed4184","hash":"a83be2f03c2dbd95715858f12403bd088a2ad1ea"}
,"/Users/jessicahansen/turing/mod4/cross-pollination/ride-with-me/src/containers/RideSearch/RideSearch.js": {"path":"/Users/jessicahansen/turing/mod4/cross-pollination/ride-with-me/src/containers/RideSearch/RideSearch.js","statementMap":{"0":{"start":{"line":6,"column":4},"end":{"line":6,"column":12}},"1":{"start":{"line":7,"column":4},"end":{"line":11,"column":5}},"2":{"start":{"line":15,"column":45},"end":{"line":15,"column":55}},"3":{"start":{"line":16,"column":4},"end":{"line":40,"column":5}}},"fnMap":{"0":{"name":"(anonymous_0)","decl":{"start":{"line":5,"column":2},"end":{"line":5,"column":3}},"loc":{"start":{"line":5,"column":16},"end":{"line":12,"column":3}},"line":5},"1":{"name":"(anonymous_1)","decl":{"start":{"line":14,"column":2},"end":{"line":14,"column":3}},"loc":{"start":{"line":14,"column":11},"end":{"line":41,"column":3}},"line":14}},"branchMap":{},"s":{"0":2,"1":2,"2":2,"3":2},"f":{"0":2,"1":2},"b":{},"_coverageSchema":"43e27e138ebf9cfc5966b082cf9a028302ed4184","hash":"ab36e53e0afa9413ab7c5e3ab5fbdff7c6b516b1"}
,"/Users/jessicahansen/turing/mod4/cross-pollination/ride-with-me/src/reducers/citiesReducer.js": {"path":"/Users/jessicahansen/turing/mod4/cross-pollination/ride-with-me/src/reducers/citiesReducer.js","statementMap":{"0":{"start":{"line":1,"column":29},"end":{"line":9,"column":1}},"1":{"start":{"line":2,"column":2},"end":{"line":8,"column":3}},"2":{"start":{"line":4,"column":6},"end":{"line":4,"column":26}},"3":{"start":{"line":7,"column":6},"end":{"line":7,"column":18}}},"fnMap":{"0":{"name":"(anonymous_0)","decl":{"start":{"line":1,"column":29},"end":{"line":1,"column":30}},"loc":{"start":{"line":1,"column":53},"end":{"line":9,"column":1}},"line":1}},"branchMap":{"0":{"loc":{"start":{"line":1,"column":30},"end":{"line":1,"column":40}},"type":"default-arg","locations":[{"start":{"line":1,"column":38},"end":{"line":1,"column":40}}],"line":1},"1":{"loc":{"start":{"line":2,"column":2},"end":{"line":8,"column":3}},"type":"switch","locations":[{"start":{"line":3,"column":4},"end":{"line":4,"column":26}},{"start":{"line":6,"column":4},"end":{"line":7,"column":18}}],"line":2}},"s":{"0":1,"1":2,"2":1,"3":1},"f":{"0":2},"b":{"0":[0],"1":[1,1]},"_coverageSchema":"43e27e138ebf9cfc5966b082cf9a028302ed4184","hash":"96105d9c944775e88c52e8027dc01ffe883b3984"}
,"/Users/jessicahansen/turing/mod4/cross-pollination/ride-with-me/src/reducers/errorReducer.js": {"path":"/Users/jessicahansen/turing/mod4/cross-pollination/ride-with-me/src/reducers/errorReducer.js","statementMap":{"0":{"start":{"line":1,"column":28},"end":{"line":9,"column":1}},"1":{"start":{"line":2,"column":2},"end":{"line":8,"column":3}},"2":{"start":{"line":4,"column":6},"end":{"line":4,"column":27}},"3":{"start":{"line":7,"column":6},"end":{"line":7,"column":18}}},"fnMap":{"0":{"name":"(anonymous_0)","decl":{"start":{"line":1,"column":28},"end":{"line":1,"column":29}},"loc":{"start":{"line":1,"column":52},"end":{"line":9,"column":1}},"line":1}},"branchMap":{"0":{"loc":{"start":{"line":1,"column":29},"end":{"line":1,"column":39}},"type":"default-arg","locations":[{"start":{"line":1,"column":37},"end":{"line":1,"column":39}}],"line":1},"1":{"loc":{"start":{"line":2,"column":2},"end":{"line":8,"column":3}},"type":"switch","locations":[{"start":{"line":3,"column":4},"end":{"line":4,"column":27}},{"start":{"line":6,"column":4},"end":{"line":7,"column":18}}],"line":2}},"s":{"0":1,"1":2,"2":1,"3":1},"f":{"0":2},"b":{"0":[0],"1":[1,1]},"_coverageSchema":"43e27e138ebf9cfc5966b082cf9a028302ed4184","hash":"0615b3ea2d62336a26e43903d6ef155c5f770f9a"}
,"/Users/jessicahansen/turing/mod4/cross-pollination/ride-with-me/src/thunks/fetchCities.js": {"path":"/Users/jessicahansen/turing/mod4/cross-pollination/ride-with-me/src/thunks/fetchCities.js","statementMap":{"0":{"start":{"line":4,"column":27},"end":{"line":21,"column":1}},"1":{"start":{"line":5,"column":2},"end":{"line":20,"column":3}},"2":{"start":{"line":6,"column":16},"end":{"line":6,"column":69}},"3":{"start":{"line":7,"column":4},"end":{"line":19,"column":5}},"4":{"start":{"line":8,"column":27},"end":{"line":8,"column":48}},"5":{"start":{"line":9,"column":22},"end":{"line":9,"column":63}},"6":{"start":{"line":10,"column":23},"end":{"line":10,"column":48}},"7":{"start":{"line":11,"column":6},"end":{"line":13,"column":7}},"8":{"start":{"line":12,"column":8},"end":{"line":12,"column":41}},"9":{"start":{"line":14,"column":21},"end":{"line":14,"column":42}},"10":{"start":{"line":15,"column":21},"end":{"line":15,"column":42}},"11":{"start":{"line":16,"column":6},"end":{"line":16,"column":35}},"12":{"start":{"line":18,"column":6},"end":{"line":18,"column":39}}},"fnMap":{"0":{"name":"(anonymous_0)","decl":{"start":{"line":4,"column":27},"end":{"line":4,"column":28}},"loc":{"start":{"line":4,"column":33},"end":{"line":21,"column":1}},"line":4},"1":{"name":"(anonymous_1)","decl":{"start":{"line":5,"column":9},"end":{"line":5,"column":10}},"loc":{"start":{"line":5,"column":29},"end":{"line":20,"column":3}},"line":5}},"branchMap":{"0":{"loc":{"start":{"line":11,"column":6},"end":{"line":13,"column":7}},"type":"if","locations":[{"start":{"line":11,"column":6},"end":{"line":13,"column":7}},{"start":{"line":11,"column":6},"end":{"line":13,"column":7}}],"line":11}},"s":{"0":2,"1":2,"2":2,"3":2,"4":2,"5":2,"6":2,"7":2,"8":1,"9":1,"10":1,"11":1,"12":1},"f":{"0":2,"1":2},"b":{"0":[1,1]},"_coverageSchema":"43e27e138ebf9cfc5966b082cf9a028302ed4184","hash":"a535d7a8e9bc3b0ea6fc1e4a8a3d3a54a634eee9"}
,"/Users/jessicahansen/turing/mod4/cross-pollination/ride-with-me/src/utils/fetchOptionsCreator.js": {"path":"/Users/jessicahansen/turing/mod4/cross-pollination/ride-with-me/src/utils/fetchOptionsCreator.js","statementMap":{"0":{"start":{"line":1,"column":35},"end":{"line":7,"column":2}},"1":{"start":{"line":1,"column":60},"end":{"line":7,"column":1}}},"fnMap":{"0":{"name":"(anonymous_0)","decl":{"start":{"line":1,"column":35},"end":{"line":1,"column":36}},"loc":{"start":{"line":1,"column":60},"end":{"line":7,"column":1}},"line":1}},"branchMap":{},"s":{"0":3,"1":3},"f":{"0":3},"b":{},"_coverageSchema":"43e27e138ebf9cfc5966b082cf9a028302ed4184","hash":"e458007df495593d994f75597478a98e4cd8b521"}
}
