{"/Users/jessicahansen/turing/mod4/cross-pollination/ride-with-me/src/actions/index.js": {"path":"/Users/jessicahansen/turing/mod4/cross-pollination/ride-with-me/src/actions/index.js","statementMap":{"0":{"start":{"line":1,"column":24},"end":{"line":4,"column":2}},"1":{"start":{"line":1,"column":38},"end":{"line":4,"column":1}},"2":{"start":{"line":6,"column":27},"end":{"line":9,"column":2}},"3":{"start":{"line":6,"column":40},"end":{"line":9,"column":1}},"4":{"start":{"line":11,"column":25},"end":{"line":14,"column":2}},"5":{"start":{"line":11,"column":39},"end":{"line":14,"column":1}},"6":{"start":{"line":16,"column":26},"end":{"line":19,"column":2}},"7":{"start":{"line":16,"column":38},"end":{"line":19,"column":1}},"8":{"start":{"line":21,"column":34},"end":{"line":24,"column":2}},"9":{"start":{"line":21,"column":54},"end":{"line":24,"column":1}},"10":{"start":{"line":26,"column":37},"end":{"line":29,"column":2}},"11":{"start":{"line":26,"column":60},"end":{"line":29,"column":1}},"12":{"start":{"line":31,"column":25},"end":{"line":34,"column":2}},"13":{"start":{"line":31,"column":36},"end":{"line":34,"column":1}},"14":{"start":{"line":36,"column":26},"end":{"line":39,"column":2}},"15":{"start":{"line":36,"column":33},"end":{"line":39,"column":1}}},"fnMap":{"0":{"name":"(anonymous_0)","decl":{"start":{"line":1,"column":24},"end":{"line":1,"column":25}},"loc":{"start":{"line":1,"column":38},"end":{"line":4,"column":1}},"line":1},"1":{"name":"(anonymous_1)","decl":{"start":{"line":6,"column":27},"end":{"line":6,"column":28}},"loc":{"start":{"line":6,"column":40},"end":{"line":9,"column":1}},"line":6},"2":{"name":"(anonymous_2)","decl":{"start":{"line":11,"column":25},"end":{"line":11,"column":26}},"loc":{"start":{"line":11,"column":39},"end":{"line":14,"column":1}},"line":11},"3":{"name":"(anonymous_3)","decl":{"start":{"line":16,"column":26},"end":{"line":16,"column":27}},"loc":{"start":{"line":16,"column":38},"end":{"line":19,"column":1}},"line":16},"4":{"name":"(anonymous_4)","decl":{"start":{"line":21,"column":34},"end":{"line":21,"column":35}},"loc":{"start":{"line":21,"column":54},"end":{"line":24,"column":1}},"line":21},"5":{"name":"(anonymous_5)","decl":{"start":{"line":26,"column":37},"end":{"line":26,"column":38}},"loc":{"start":{"line":26,"column":60},"end":{"line":29,"column":1}},"line":26},"6":{"name":"(anonymous_6)","decl":{"start":{"line":31,"column":25},"end":{"line":31,"column":26}},"loc":{"start":{"line":31,"column":36},"end":{"line":34,"column":1}},"line":31},"7":{"name":"(anonymous_7)","decl":{"start":{"line":36,"column":26},"end":{"line":36,"column":27}},"loc":{"start":{"line":36,"column":33},"end":{"line":39,"column":1}},"line":36}},"branchMap":{},"s":{"0":19,"1":12,"2":19,"3":4,"4":19,"5":22,"6":19,"7":4,"8":19,"9":4,"10":19,"11":4,"12":19,"13":4,"14":19,"15":2},"f":{"0":12,"1":4,"2":22,"3":4,"4":4,"5":4,"6":4,"7":2},"b":{},"_coverageSchema":"43e27e138ebf9cfc5966b082cf9a028302ed4184","hash":"e442abb423ca7d6eaf8fe1e41c070a97eea61b68"}
,"/Users/jessicahansen/turing/mod4/cross-pollination/ride-with-me/src/components/Callback/Callback.js": {"path":"/Users/jessicahansen/turing/mod4/cross-pollination/ride-with-me/src/components/Callback/Callback.js","statementMap":{"0":{"start":{"line":3,"column":24},"end":{"line":8,"column":1}},"1":{"start":{"line":5,"column":2},"end":{"line":7,"column":3}}},"fnMap":{"0":{"name":"(anonymous_0)","decl":{"start":{"line":3,"column":24},"end":{"line":3,"column":25}},"loc":{"start":{"line":3,"column":30},"end":{"line":8,"column":1}},"line":3}},"branchMap":{},"s":{"0":2,"1":1},"f":{"0":1},"b":{},"_coverageSchema":"43e27e138ebf9cfc5966b082cf9a028302ed4184","hash":"a37ce3792ff0cbc65093e51435e5eb5abaf0dc8d"}
,"/Users/jessicahansen/turing/mod4/cross-pollination/ride-with-me/src/components/Loader/Loader.js": {"path":"/Users/jessicahansen/turing/mod4/cross-pollination/ride-with-me/src/components/Loader/Loader.js","statementMap":{"0":{"start":{"line":4,"column":22},"end":{"line":14,"column":1}},"1":{"start":{"line":5,"column":2},"end":{"line":13,"column":3}}},"fnMap":{"0":{"name":"(anonymous_0)","decl":{"start":{"line":4,"column":22},"end":{"line":4,"column":23}},"loc":{"start":{"line":4,"column":28},"end":{"line":14,"column":1}},"line":4}},"branchMap":{},"s":{"0":8,"1":1},"f":{"0":1},"b":{},"_coverageSchema":"43e27e138ebf9cfc5966b082cf9a028302ed4184","hash":"19f709418c13d66f6ff5925602f917b8c0a31011"}
,"/Users/jessicahansen/turing/mod4/cross-pollination/ride-with-me/src/components/NotFound/NotFound.js": {"path":"/Users/jessicahansen/turing/mod4/cross-pollination/ride-with-me/src/components/NotFound/NotFound.js","statementMap":{"0":{"start":{"line":4,"column":24},"end":{"line":12,"column":1}},"1":{"start":{"line":6,"column":2},"end":{"line":11,"column":3}}},"fnMap":{"0":{"name":"(anonymous_0)","decl":{"start":{"line":4,"column":24},"end":{"line":4,"column":25}},"loc":{"start":{"line":4,"column":30},"end":{"line":12,"column":1}},"line":4}},"branchMap":{},"s":{"0":2,"1":1},"f":{"0":1},"b":{},"_coverageSchema":"43e27e138ebf9cfc5966b082cf9a028302ed4184","hash":"f966b6c39708d3c24b4c8ad4e073472f2c467601"}
,"/Users/jessicahansen/turing/mod4/cross-pollination/ride-with-me/src/components/SearchResults/SearchResults.js": {"path":"/Users/jessicahansen/turing/mod4/cross-pollination/ride-with-me/src/components/SearchResults/SearchResults.js","statementMap":{"0":{"start":{"line":3,"column":29},"end":{"line":14,"column":1}},"1":{"start":{"line":4,"column":2},"end":{"line":13,"column":3}},"2":{"start":{"line":11,"column":30},"end":{"line":11,"column":78}}},"fnMap":{"0":{"name":"(anonymous_0)","decl":{"start":{"line":3,"column":29},"end":{"line":3,"column":30}},"loc":{"start":{"line":3,"column":133},"end":{"line":14,"column":1}},"line":3},"1":{"name":"(anonymous_1)","decl":{"start":{"line":11,"column":24},"end":{"line":11,"column":25}},"loc":{"start":{"line":11,"column":30},"end":{"line":11,"column":78}},"line":11}},"branchMap":{},"s":{"0":3,"1":1,"2":0},"f":{"0":1,"1":0},"b":{},"_coverageSchema":"43e27e138ebf9cfc5966b082cf9a028302ed4184","hash":"232d3d00cf8b89abdf62f3ccd4dc1ba0ce43d0f5"}
,"/Users/jessicahansen/turing/mod4/cross-pollination/ride-with-me/src/components/Welcome/Welcome.js": {"path":"/Users/jessicahansen/turing/mod4/cross-pollination/ride-with-me/src/components/Welcome/Welcome.js","statementMap":{"0":{"start":{"line":3,"column":23},"end":{"line":28,"column":1}},"1":{"start":{"line":5,"column":2},"end":{"line":27,"column":3}}},"fnMap":{"0":{"name":"(anonymous_0)","decl":{"start":{"line":3,"column":23},"end":{"line":3,"column":24}},"loc":{"start":{"line":3,"column":29},"end":{"line":28,"column":1}},"line":3}},"branchMap":{},"s":{"0":2,"1":1},"f":{"0":1},"b":{},"_coverageSchema":"43e27e138ebf9cfc5966b082cf9a028302ed4184","hash":"861137b87c1304ae26ac6327b1d05ab2731c6f90"}
,"/Users/jessicahansen/turing/mod4/cross-pollination/ride-with-me/src/containers/App/App.js": {"path":"/Users/jessicahansen/turing/mod4/cross-pollination/ride-with-me/src/containers/App/App.js","statementMap":{"0":{"start":{"line":20,"column":4},"end":{"line":20,"column":28}},"1":{"start":{"line":21,"column":4},"end":{"line":21,"column":30}},"2":{"start":{"line":25,"column":4},"end":{"line":54,"column":5}},"3":{"start":{"line":45,"column":32},"end":{"line":45,"column":110}},"4":{"start":{"line":45,"column":62},"end":{"line":45,"column":109}},"5":{"start":{"line":46,"column":12},"end":{"line":46,"column":70}},"6":{"start":{"line":46,"column":42},"end":{"line":46,"column":70}},"7":{"start":{"line":47,"column":12},"end":{"line":47,"column":62}},"8":{"start":{"line":58,"column":31},"end":{"line":61,"column":2}},"9":{"start":{"line":58,"column":43},"end":{"line":61,"column":1}},"10":{"start":{"line":63,"column":34},"end":{"line":66,"column":2}},"11":{"start":{"line":63,"column":49},"end":{"line":66,"column":1}},"12":{"start":{"line":64,"column":21},"end":{"line":64,"column":44}},"13":{"start":{"line":65,"column":23},"end":{"line":65,"column":48}}},"fnMap":{"0":{"name":"(anonymous_0)","decl":{"start":{"line":19,"column":2},"end":{"line":19,"column":3}},"loc":{"start":{"line":19,"column":22},"end":{"line":22,"column":3}},"line":19},"1":{"name":"(anonymous_1)","decl":{"start":{"line":24,"column":2},"end":{"line":24,"column":3}},"loc":{"start":{"line":24,"column":11},"end":{"line":55,"column":3}},"line":24},"2":{"name":"(anonymous_2)","decl":{"start":{"line":44,"column":43},"end":{"line":44,"column":44}},"loc":{"start":{"line":44,"column":58},"end":{"line":48,"column":11}},"line":44},"3":{"name":"(anonymous_3)","decl":{"start":{"line":45,"column":54},"end":{"line":45,"column":55}},"loc":{"start":{"line":45,"column":62},"end":{"line":45,"column":109}},"line":45},"4":{"name":"(anonymous_4)","decl":{"start":{"line":58,"column":31},"end":{"line":58,"column":32}},"loc":{"start":{"line":58,"column":43},"end":{"line":61,"column":1}},"line":58},"5":{"name":"(anonymous_5)","decl":{"start":{"line":63,"column":34},"end":{"line":63,"column":35}},"loc":{"start":{"line":63,"column":49},"end":{"line":66,"column":1}},"line":63},"6":{"name":"(anonymous_6)","decl":{"start":{"line":64,"column":15},"end":{"line":64,"column":16}},"loc":{"start":{"line":64,"column":21},"end":{"line":64,"column":44}},"line":64},"7":{"name":"(anonymous_7)","decl":{"start":{"line":65,"column":17},"end":{"line":65,"column":18}},"loc":{"start":{"line":65,"column":23},"end":{"line":65,"column":48}},"line":65}},"branchMap":{"0":{"loc":{"start":{"line":46,"column":12},"end":{"line":46,"column":70}},"type":"if","locations":[{"start":{"line":46,"column":12},"end":{"line":46,"column":70}},{"start":{"line":46,"column":12},"end":{"line":46,"column":70}}],"line":46}},"s":{"0":5,"1":5,"2":3,"3":0,"4":0,"5":0,"6":0,"7":0,"8":1,"9":0,"10":1,"11":1,"12":1,"13":0},"f":{"0":5,"1":3,"2":0,"3":0,"4":0,"5":1,"6":1,"7":0},"b":{"0":[0,0]},"_coverageSchema":"43e27e138ebf9cfc5966b082cf9a028302ed4184","hash":"8f868f1beb91e9852145bf7dbc1de5cfd4af9992"}
,"/Users/jessicahansen/turing/mod4/cross-pollination/ride-with-me/src/containers/CreateRide/CreateRide.js": {"path":"/Users/jessicahansen/turing/mod4/cross-pollination/ride-with-me/src/containers/CreateRide/CreateRide.js","statementMap":{"0":{"start":{"line":10,"column":4},"end":{"line":10,"column":11}},"1":{"start":{"line":11,"column":4},"end":{"line":19,"column":5}},"2":{"start":{"line":23,"column":21},"end":{"line":23,"column":36}},"3":{"start":{"line":24,"column":23},"end":{"line":24,"column":27}},"4":{"start":{"line":25,"column":4},"end":{"line":25,"column":33}},"5":{"start":{"line":28,"column":17},"end":{"line":36,"column":3}},"6":{"start":{"line":29,"column":28},"end":{"line":29,"column":36}},"7":{"start":{"line":30,"column":4},"end":{"line":35,"column":5}},"8":{"start":{"line":31,"column":23},"end":{"line":31,"column":40}},"9":{"start":{"line":32,"column":6},"end":{"line":32,"column":40}},"10":{"start":{"line":34,"column":6},"end":{"line":34,"column":38}},"11":{"start":{"line":38,"column":18},"end":{"line":42,"column":3}},"12":{"start":{"line":39,"column":4},"end":{"line":41,"column":6}},"13":{"start":{"line":40,"column":6},"end":{"line":40,"column":97}},"14":{"start":{"line":45,"column":98},"end":{"line":45,"column":108}},"15":{"start":{"line":46,"column":24},"end":{"line":66,"column":9}},"16":{"start":{"line":67,"column":4},"end":{"line":123,"column":5}},"17":{"start":{"line":115,"column":12},"end":{"line":115,"column":42}},"18":{"start":{"line":115,"column":25},"end":{"line":115,"column":42}},"19":{"start":{"line":116,"column":12},"end":{"line":116,"column":46}},"20":{"start":{"line":116,"column":23},"end":{"line":116,"column":46}},"21":{"start":{"line":117,"column":12},"end":{"line":117,"column":102}},"22":{"start":{"line":117,"column":23},"end":{"line":117,"column":102}},"23":{"start":{"line":118,"column":12},"end":{"line":118,"column":51}},"24":{"start":{"line":118,"column":22},"end":{"line":118,"column":51}},"25":{"start":{"line":127,"column":31},"end":{"line":130,"column":2}},"26":{"start":{"line":127,"column":43},"end":{"line":130,"column":1}}},"fnMap":{"0":{"name":"(anonymous_0)","decl":{"start":{"line":9,"column":2},"end":{"line":9,"column":3}},"loc":{"start":{"line":9,"column":16},"end":{"line":20,"column":3}},"line":9},"1":{"name":"(anonymous_1)","decl":{"start":{"line":22,"column":2},"end":{"line":22,"column":3}},"loc":{"start":{"line":22,"column":22},"end":{"line":26,"column":3}},"line":22},"2":{"name":"(anonymous_2)","decl":{"start":{"line":28,"column":17},"end":{"line":28,"column":18}},"loc":{"start":{"line":28,"column":24},"end":{"line":36,"column":3}},"line":28},"3":{"name":"(anonymous_3)","decl":{"start":{"line":38,"column":18},"end":{"line":38,"column":19}},"loc":{"start":{"line":38,"column":24},"end":{"line":42,"column":3}},"line":38},"4":{"name":"(anonymous_4)","decl":{"start":{"line":39,"column":33},"end":{"line":39,"column":34}},"loc":{"start":{"line":39,"column":41},"end":{"line":41,"column":5}},"line":39},"5":{"name":"(anonymous_5)","decl":{"start":{"line":44,"column":2},"end":{"line":44,"column":3}},"loc":{"start":{"line":44,"column":11},"end":{"line":124,"column":3}},"line":44},"6":{"name":"(anonymous_6)","decl":{"start":{"line":114,"column":11},"end":{"line":114,"column":12}},"loc":{"start":{"line":114,"column":53},"end":{"line":119,"column":11}},"line":114},"7":{"name":"(anonymous_7)","decl":{"start":{"line":127,"column":31},"end":{"line":127,"column":32}},"loc":{"start":{"line":127,"column":43},"end":{"line":130,"column":1}},"line":127}},"branchMap":{"0":{"loc":{"start":{"line":30,"column":4},"end":{"line":35,"column":5}},"type":"if","locations":[{"start":{"line":30,"column":4},"end":{"line":35,"column":5}},{"start":{"line":30,"column":4},"end":{"line":35,"column":5}}],"line":30},"1":{"loc":{"start":{"line":70,"column":12},"end":{"line":70,"column":56}},"type":"binary-expr","locations":[{"start":{"line":70,"column":12},"end":{"line":70,"column":28}},{"start":{"line":70,"column":32},"end":{"line":70,"column":56}}],"line":70},"2":{"loc":{"start":{"line":115,"column":12},"end":{"line":115,"column":42}},"type":"if","locations":[{"start":{"line":115,"column":12},"end":{"line":115,"column":42}},{"start":{"line":115,"column":12},"end":{"line":115,"column":42}}],"line":115},"3":{"loc":{"start":{"line":116,"column":12},"end":{"line":116,"column":46}},"type":"if","locations":[{"start":{"line":116,"column":12},"end":{"line":116,"column":46}},{"start":{"line":116,"column":12},"end":{"line":116,"column":46}}],"line":116},"4":{"loc":{"start":{"line":117,"column":12},"end":{"line":117,"column":102}},"type":"if","locations":[{"start":{"line":117,"column":12},"end":{"line":117,"column":102}},{"start":{"line":117,"column":12},"end":{"line":117,"column":102}}],"line":117},"5":{"loc":{"start":{"line":118,"column":12},"end":{"line":118,"column":51}},"type":"if","locations":[{"start":{"line":118,"column":12},"end":{"line":118,"column":51}},{"start":{"line":118,"column":12},"end":{"line":118,"column":51}}],"line":118}},"s":{"0":1,"1":1,"2":1,"3":1,"4":1,"5":1,"6":0,"7":0,"8":0,"9":0,"10":0,"11":1,"12":4,"13":8,"14":2,"15":2,"16":2,"17":0,"18":0,"19":0,"20":0,"21":0,"22":0,"23":0,"24":0,"25":2,"26":0},"f":{"0":1,"1":1,"2":0,"3":4,"4":8,"5":2,"6":0,"7":0},"b":{"0":[0,0],"1":[2,0],"2":[0,0],"3":[0,0],"4":[0,0],"5":[0,0]},"_coverageSchema":"43e27e138ebf9cfc5966b082cf9a028302ed4184","hash":"090edde4b5d71d033d956c2709b13a7b5a04d37c"}
,"/Users/jessicahansen/turing/mod4/cross-pollination/ride-with-me/src/containers/Login/Login.js": {"path":"/Users/jessicahansen/turing/mod4/cross-pollination/ride-with-me/src/containers/Login/Login.js","statementMap":{"0":{"start":{"line":10,"column":4},"end":{"line":10,"column":12}},"1":{"start":{"line":11,"column":4},"end":{"line":17,"column":5}},"2":{"start":{"line":20,"column":16},"end":{"line":30,"column":3}},"3":{"start":{"line":21,"column":36},"end":{"line":21,"column":44}},"4":{"start":{"line":22,"column":4},"end":{"line":28,"column":6}},"5":{"start":{"line":29,"column":4},"end":{"line":29,"column":20}},"6":{"start":{"line":32,"column":14},"end":{"line":36,"column":3}},"7":{"start":{"line":33,"column":53},"end":{"line":33,"column":63}},"8":{"start":{"line":34,"column":22},"end":{"line":34,"column":121}},"9":{"start":{"line":35,"column":4},"end":{"line":35,"column":37}},"10":{"start":{"line":38,"column":13},"end":{"line":50,"column":3}},"11":{"start":{"line":49,"column":4},"end":{"line":49,"column":43}},"12":{"start":{"line":53,"column":4},"end":{"line":66,"column":5}},"13":{"start":{"line":70,"column":31},"end":{"line":72,"column":2}},"14":{"start":{"line":70,"column":43},"end":{"line":72,"column":1}},"15":{"start":{"line":74,"column":34},"end":{"line":77,"column":2}},"16":{"start":{"line":74,"column":49},"end":{"line":77,"column":1}},"17":{"start":{"line":75,"column":30},"end":{"line":75,"column":62}},"18":{"start":{"line":76,"column":23},"end":{"line":76,"column":48}}},"fnMap":{"0":{"name":"(anonymous_0)","decl":{"start":{"line":9,"column":2},"end":{"line":9,"column":3}},"loc":{"start":{"line":9,"column":16},"end":{"line":18,"column":3}},"line":9},"1":{"name":"(anonymous_1)","decl":{"start":{"line":20,"column":16},"end":{"line":20,"column":17}},"loc":{"start":{"line":20,"column":30},"end":{"line":30,"column":3}},"line":20},"2":{"name":"(anonymous_2)","decl":{"start":{"line":32,"column":14},"end":{"line":32,"column":15}},"loc":{"start":{"line":32,"column":20},"end":{"line":36,"column":3}},"line":32},"3":{"name":"(anonymous_3)","decl":{"start":{"line":38,"column":13},"end":{"line":38,"column":14}},"loc":{"start":{"line":38,"column":27},"end":{"line":50,"column":3}},"line":38},"4":{"name":"(anonymous_4)","decl":{"start":{"line":52,"column":2},"end":{"line":52,"column":3}},"loc":{"start":{"line":52,"column":11},"end":{"line":67,"column":3}},"line":52},"5":{"name":"(anonymous_5)","decl":{"start":{"line":70,"column":31},"end":{"line":70,"column":32}},"loc":{"start":{"line":70,"column":43},"end":{"line":72,"column":1}},"line":70},"6":{"name":"(anonymous_6)","decl":{"start":{"line":74,"column":34},"end":{"line":74,"column":35}},"loc":{"start":{"line":74,"column":49},"end":{"line":77,"column":1}},"line":74},"7":{"name":"(anonymous_7)","decl":{"start":{"line":75,"column":15},"end":{"line":75,"column":16}},"loc":{"start":{"line":75,"column":30},"end":{"line":75,"column":62}},"line":75},"8":{"name":"(anonymous_8)","decl":{"start":{"line":76,"column":13},"end":{"line":76,"column":14}},"loc":{"start":{"line":76,"column":23},"end":{"line":76,"column":48}},"line":76}},"branchMap":{"0":{"loc":{"start":{"line":64,"column":10},"end":{"line":64,"column":48}},"type":"binary-expr","locations":[{"start":{"line":64,"column":10},"end":{"line":64,"column":25}},{"start":{"line":64,"column":29},"end":{"line":64,"column":48}}],"line":64}},"s":{"0":5,"1":5,"2":5,"3":2,"4":2,"5":2,"6":5,"7":3,"8":3,"9":3,"10":5,"11":0,"12":7,"13":2,"14":1,"15":2,"16":2,"17":1,"18":1},"f":{"0":5,"1":2,"2":3,"3":0,"4":7,"5":1,"6":2,"7":1,"8":1},"b":{"0":[7,7]},"_coverageSchema":"43e27e138ebf9cfc5966b082cf9a028302ed4184","hash":"d40363d3af327ba3ed659336adb7638d08ed1005"}
,"/Users/jessicahansen/turing/mod4/cross-pollination/ride-with-me/src/containers/MyRequests/MyRequests.js": {"path":"/Users/jessicahansen/turing/mod4/cross-pollination/ride-with-me/src/containers/MyRequests/MyRequests.js","statementMap":{"0":{"start":{"line":8,"column":20},"end":{"line":19,"column":3}},"1":{"start":{"line":21,"column":18},"end":{"line":28,"column":1}},"2":{"start":{"line":30,"column":21},"end":{"line":39,"column":1}},"3":{"start":{"line":44,"column":23},"end":{"line":44,"column":43}},"4":{"start":{"line":45,"column":4},"end":{"line":88,"column":5}},"5":{"start":{"line":53,"column":12},"end":{"line":53,"column":42}},"6":{"start":{"line":53,"column":25},"end":{"line":53,"column":42}},"7":{"start":{"line":54,"column":12},"end":{"line":54,"column":46}},"8":{"start":{"line":54,"column":23},"end":{"line":54,"column":46}},"9":{"start":{"line":55,"column":12},"end":{"line":84,"column":14}},"10":{"start":{"line":56,"column":14},"end":{"line":83,"column":20}},"11":{"start":{"line":66,"column":20},"end":{"line":66,"column":50}},"12":{"start":{"line":66,"column":33},"end":{"line":66,"column":50}},"13":{"start":{"line":67,"column":20},"end":{"line":67,"column":54}},"14":{"start":{"line":67,"column":31},"end":{"line":67,"column":54}},"15":{"start":{"line":68,"column":20},"end":{"line":68,"column":120}},"16":{"start":{"line":68,"column":31},"end":{"line":68,"column":120}},"17":{"start":{"line":69,"column":20},"end":{"line":69,"column":58}},"18":{"start":{"line":69,"column":30},"end":{"line":69,"column":58}},"19":{"start":{"line":77,"column":20},"end":{"line":77,"column":50}},"20":{"start":{"line":77,"column":33},"end":{"line":77,"column":50}},"21":{"start":{"line":78,"column":20},"end":{"line":78,"column":54}},"22":{"start":{"line":78,"column":31},"end":{"line":78,"column":54}},"23":{"start":{"line":79,"column":20},"end":{"line":79,"column":125}},"24":{"start":{"line":79,"column":31},"end":{"line":79,"column":125}},"25":{"start":{"line":80,"column":20},"end":{"line":80,"column":61}},"26":{"start":{"line":80,"column":30},"end":{"line":80,"column":61}},"27":{"start":{"line":92,"column":31},"end":{"line":94,"column":2}},"28":{"start":{"line":92,"column":43},"end":{"line":94,"column":1}}},"fnMap":{"0":{"name":"(anonymous_0)","decl":{"start":{"line":43,"column":2},"end":{"line":43,"column":3}},"loc":{"start":{"line":43,"column":11},"end":{"line":89,"column":3}},"line":43},"1":{"name":"(anonymous_1)","decl":{"start":{"line":52,"column":11},"end":{"line":52,"column":12}},"loc":{"start":{"line":52,"column":41},"end":{"line":85,"column":11}},"line":52},"2":{"name":"(anonymous_2)","decl":{"start":{"line":55,"column":44},"end":{"line":55,"column":45}},"loc":{"start":{"line":56,"column":14},"end":{"line":83,"column":20}},"line":56},"3":{"name":"(anonymous_3)","decl":{"start":{"line":65,"column":19},"end":{"line":65,"column":20}},"loc":{"start":{"line":65,"column":70},"end":{"line":70,"column":19}},"line":65},"4":{"name":"(anonymous_4)","decl":{"start":{"line":76,"column":19},"end":{"line":76,"column":20}},"loc":{"start":{"line":76,"column":70},"end":{"line":81,"column":19}},"line":76},"5":{"name":"(anonymous_5)","decl":{"start":{"line":92,"column":31},"end":{"line":92,"column":32}},"loc":{"start":{"line":92,"column":43},"end":{"line":94,"column":1}},"line":92}},"branchMap":{"0":{"loc":{"start":{"line":48,"column":10},"end":{"line":48,"column":54}},"type":"binary-expr","locations":[{"start":{"line":48,"column":10},"end":{"line":48,"column":26}},{"start":{"line":48,"column":30},"end":{"line":48,"column":54}}],"line":48},"1":{"loc":{"start":{"line":53,"column":12},"end":{"line":53,"column":42}},"type":"if","locations":[{"start":{"line":53,"column":12},"end":{"line":53,"column":42}},{"start":{"line":53,"column":12},"end":{"line":53,"column":42}}],"line":53},"2":{"loc":{"start":{"line":54,"column":12},"end":{"line":54,"column":46}},"type":"if","locations":[{"start":{"line":54,"column":12},"end":{"line":54,"column":46}},{"start":{"line":54,"column":12},"end":{"line":54,"column":46}}],"line":54},"3":{"loc":{"start":{"line":66,"column":20},"end":{"line":66,"column":50}},"type":"if","locations":[{"start":{"line":66,"column":20},"end":{"line":66,"column":50}},{"start":{"line":66,"column":20},"end":{"line":66,"column":50}}],"line":66},"4":{"loc":{"start":{"line":67,"column":20},"end":{"line":67,"column":54}},"type":"if","locations":[{"start":{"line":67,"column":20},"end":{"line":67,"column":54}},{"start":{"line":67,"column":20},"end":{"line":67,"column":54}}],"line":67},"5":{"loc":{"start":{"line":68,"column":20},"end":{"line":68,"column":120}},"type":"if","locations":[{"start":{"line":68,"column":20},"end":{"line":68,"column":120}},{"start":{"line":68,"column":20},"end":{"line":68,"column":120}}],"line":68},"6":{"loc":{"start":{"line":69,"column":20},"end":{"line":69,"column":58}},"type":"if","locations":[{"start":{"line":69,"column":20},"end":{"line":69,"column":58}},{"start":{"line":69,"column":20},"end":{"line":69,"column":58}}],"line":69},"7":{"loc":{"start":{"line":77,"column":20},"end":{"line":77,"column":50}},"type":"if","locations":[{"start":{"line":77,"column":20},"end":{"line":77,"column":50}},{"start":{"line":77,"column":20},"end":{"line":77,"column":50}}],"line":77},"8":{"loc":{"start":{"line":78,"column":20},"end":{"line":78,"column":54}},"type":"if","locations":[{"start":{"line":78,"column":20},"end":{"line":78,"column":54}},{"start":{"line":78,"column":20},"end":{"line":78,"column":54}}],"line":78},"9":{"loc":{"start":{"line":79,"column":20},"end":{"line":79,"column":125}},"type":"if","locations":[{"start":{"line":79,"column":20},"end":{"line":79,"column":125}},{"start":{"line":79,"column":20},"end":{"line":79,"column":125}}],"line":79},"10":{"loc":{"start":{"line":80,"column":20},"end":{"line":80,"column":61}},"type":"if","locations":[{"start":{"line":80,"column":20},"end":{"line":80,"column":61}},{"start":{"line":80,"column":20},"end":{"line":80,"column":61}}],"line":80}},"s":{"0":2,"1":2,"2":2,"3":1,"4":1,"5":0,"6":0,"7":0,"8":0,"9":0,"10":0,"11":0,"12":0,"13":0,"14":0,"15":0,"16":0,"17":0,"18":0,"19":0,"20":0,"21":0,"22":0,"23":0,"24":0,"25":0,"26":0,"27":2,"28":1},"f":{"0":1,"1":0,"2":0,"3":0,"4":0,"5":1},"b":{"0":[1,0],"1":[0,0],"2":[0,0],"3":[0,0],"4":[0,0],"5":[0,0],"6":[0,0],"7":[0,0],"8":[0,0],"9":[0,0],"10":[0,0]},"_coverageSchema":"43e27e138ebf9cfc5966b082cf9a028302ed4184","hash":"49261b10ff4a48621c5f088244035ba36340b044"}
,"/Users/jessicahansen/turing/mod4/cross-pollination/ride-with-me/src/containers/MyRides/MyRides.js": {"path":"/Users/jessicahansen/turing/mod4/cross-pollination/ride-with-me/src/containers/MyRides/MyRides.js","statementMap":{"0":{"start":{"line":11,"column":21},"end":{"line":11,"column":41}},"1":{"start":{"line":12,"column":21},"end":{"line":29,"column":5}},"2":{"start":{"line":30,"column":4},"end":{"line":54,"column":5}},"3":{"start":{"line":36,"column":12},"end":{"line":36,"column":42}},"4":{"start":{"line":36,"column":25},"end":{"line":36,"column":42}},"5":{"start":{"line":37,"column":12},"end":{"line":37,"column":46}},"6":{"start":{"line":37,"column":23},"end":{"line":37,"column":46}},"7":{"start":{"line":38,"column":12},"end":{"line":50,"column":16}},"8":{"start":{"line":39,"column":14},"end":{"line":49,"column":20}},"9":{"start":{"line":58,"column":31},"end":{"line":60,"column":2}},"10":{"start":{"line":58,"column":43},"end":{"line":60,"column":1}}},"fnMap":{"0":{"name":"(anonymous_0)","decl":{"start":{"line":10,"column":2},"end":{"line":10,"column":3}},"loc":{"start":{"line":10,"column":11},"end":{"line":55,"column":3}},"line":10},"1":{"name":"(anonymous_1)","decl":{"start":{"line":35,"column":11},"end":{"line":35,"column":12}},"loc":{"start":{"line":35,"column":41},"end":{"line":51,"column":11}},"line":35},"2":{"name":"(anonymous_2)","decl":{"start":{"line":38,"column":36},"end":{"line":38,"column":37}},"loc":{"start":{"line":39,"column":14},"end":{"line":49,"column":20}},"line":39},"3":{"name":"(anonymous_3)","decl":{"start":{"line":58,"column":31},"end":{"line":58,"column":32}},"loc":{"start":{"line":58,"column":43},"end":{"line":60,"column":1}},"line":58}},"branchMap":{"0":{"loc":{"start":{"line":32,"column":10},"end":{"line":32,"column":54}},"type":"binary-expr","locations":[{"start":{"line":32,"column":10},"end":{"line":32,"column":26}},{"start":{"line":32,"column":30},"end":{"line":32,"column":54}}],"line":32},"1":{"loc":{"start":{"line":36,"column":12},"end":{"line":36,"column":42}},"type":"if","locations":[{"start":{"line":36,"column":12},"end":{"line":36,"column":42}},{"start":{"line":36,"column":12},"end":{"line":36,"column":42}}],"line":36},"2":{"loc":{"start":{"line":37,"column":12},"end":{"line":37,"column":46}},"type":"if","locations":[{"start":{"line":37,"column":12},"end":{"line":37,"column":46}},{"start":{"line":37,"column":12},"end":{"line":37,"column":46}}],"line":37}},"s":{"0":1,"1":1,"2":1,"3":0,"4":0,"5":0,"6":0,"7":0,"8":0,"9":2,"10":1},"f":{"0":1,"1":0,"2":0,"3":1},"b":{"0":[1,0],"1":[0,0],"2":[0,0]},"_coverageSchema":"43e27e138ebf9cfc5966b082cf9a028302ed4184","hash":"05e4fb50954f40f3b51dc47ee6372cd3bf643161"}
,"/Users/jessicahansen/turing/mod4/cross-pollination/ride-with-me/src/containers/Profile/Profile.js": {"path":"/Users/jessicahansen/turing/mod4/cross-pollination/ride-with-me/src/containers/Profile/Profile.js","statementMap":{"0":{"start":{"line":9,"column":11},"end":{"line":11,"column":3}},"1":{"start":{"line":10,"column":4},"end":{"line":10,"column":27}},"2":{"start":{"line":14,"column":53},"end":{"line":14,"column":68}},"3":{"start":{"line":15,"column":4},"end":{"line":29,"column":5}},"4":{"start":{"line":33,"column":31},"end":{"line":35,"column":2}},"5":{"start":{"line":33,"column":43},"end":{"line":35,"column":1}},"6":{"start":{"line":37,"column":34},"end":{"line":39,"column":2}},"7":{"start":{"line":37,"column":49},"end":{"line":39,"column":1}},"8":{"start":{"line":38,"column":20},"end":{"line":38,"column":42}}},"fnMap":{"0":{"name":"(anonymous_0)","decl":{"start":{"line":9,"column":11},"end":{"line":9,"column":12}},"loc":{"start":{"line":9,"column":17},"end":{"line":11,"column":3}},"line":9},"1":{"name":"(anonymous_1)","decl":{"start":{"line":13,"column":2},"end":{"line":13,"column":3}},"loc":{"start":{"line":13,"column":11},"end":{"line":30,"column":3}},"line":13},"2":{"name":"(anonymous_2)","decl":{"start":{"line":33,"column":31},"end":{"line":33,"column":32}},"loc":{"start":{"line":33,"column":43},"end":{"line":35,"column":1}},"line":33},"3":{"name":"(anonymous_3)","decl":{"start":{"line":37,"column":34},"end":{"line":37,"column":35}},"loc":{"start":{"line":37,"column":49},"end":{"line":39,"column":1}},"line":37},"4":{"name":"(anonymous_4)","decl":{"start":{"line":38,"column":14},"end":{"line":38,"column":15}},"loc":{"start":{"line":38,"column":20},"end":{"line":38,"column":42}},"line":38}},"branchMap":{"0":{"loc":{"start":{"line":17,"column":10},"end":{"line":17,"column":54}},"type":"binary-expr","locations":[{"start":{"line":17,"column":10},"end":{"line":17,"column":26}},{"start":{"line":17,"column":30},"end":{"line":17,"column":54}}],"line":17}},"s":{"0":2,"1":1,"2":2,"3":2,"4":2,"5":1,"6":2,"7":1,"8":1},"f":{"0":1,"1":2,"2":1,"3":1,"4":1},"b":{"0":[2,0]},"_coverageSchema":"43e27e138ebf9cfc5966b082cf9a028302ed4184","hash":"a66cc29741b16e33d598cdacee06bea9d3b0a1fb"}
,"/Users/jessicahansen/turing/mod4/cross-pollination/ride-with-me/src/containers/RideInfo/RideInfo.js": {"path":"/Users/jessicahansen/turing/mod4/cross-pollination/ride-with-me/src/containers/RideInfo/RideInfo.js","statementMap":{"0":{"start":{"line":7,"column":21},"end":{"line":14,"column":1}},"1":{"start":{"line":16,"column":22},"end":{"line":22,"column":1}},"2":{"start":{"line":26,"column":4},"end":{"line":26,"column":12}},"3":{"start":{"line":27,"column":4},"end":{"line":29,"column":5}},"4":{"start":{"line":33,"column":21},"end":{"line":33,"column":36}},"5":{"start":{"line":34,"column":23},"end":{"line":34,"column":33}},"6":{"start":{"line":35,"column":4},"end":{"line":37,"column":5}},"7":{"start":{"line":36,"column":6},"end":{"line":36,"column":39}},"8":{"start":{"line":41,"column":151},"end":{"line":41,"column":161}},"9":{"start":{"line":42,"column":26},"end":{"line":42,"column":35}},"10":{"start":{"line":43,"column":17},"end":{"line":43,"column":61}},"11":{"start":{"line":44,"column":27},"end":{"line":46,"column":6}},"12":{"start":{"line":45,"column":6},"end":{"line":45,"column":63}},"13":{"start":{"line":47,"column":4},"end":{"line":89,"column":5}},"14":{"start":{"line":66,"column":10},"end":{"line":66,"column":40}},"15":{"start":{"line":66,"column":23},"end":{"line":66,"column":40}},"16":{"start":{"line":67,"column":10},"end":{"line":67,"column":48}},"17":{"start":{"line":67,"column":21},"end":{"line":67,"column":48}},"18":{"start":{"line":68,"column":10},"end":{"line":68,"column":86}},"19":{"start":{"line":68,"column":21},"end":{"line":68,"column":86}},"20":{"start":{"line":69,"column":10},"end":{"line":69,"column":51}},"21":{"start":{"line":69,"column":20},"end":{"line":69,"column":51}},"22":{"start":{"line":78,"column":12},"end":{"line":78,"column":42}},"23":{"start":{"line":78,"column":25},"end":{"line":78,"column":42}},"24":{"start":{"line":79,"column":12},"end":{"line":79,"column":50}},"25":{"start":{"line":79,"column":23},"end":{"line":79,"column":50}},"26":{"start":{"line":80,"column":12},"end":{"line":80,"column":113}},"27":{"start":{"line":80,"column":23},"end":{"line":80,"column":113}},"28":{"start":{"line":81,"column":12},"end":{"line":81,"column":53}},"29":{"start":{"line":81,"column":22},"end":{"line":81,"column":53}},"30":{"start":{"line":93,"column":31},"end":{"line":95,"column":2}},"31":{"start":{"line":93,"column":43},"end":{"line":95,"column":1}}},"fnMap":{"0":{"name":"(anonymous_0)","decl":{"start":{"line":25,"column":2},"end":{"line":25,"column":3}},"loc":{"start":{"line":25,"column":16},"end":{"line":30,"column":3}},"line":25},"1":{"name":"(anonymous_1)","decl":{"start":{"line":32,"column":2},"end":{"line":32,"column":3}},"loc":{"start":{"line":32,"column":22},"end":{"line":38,"column":3}},"line":32},"2":{"name":"(anonymous_2)","decl":{"start":{"line":40,"column":2},"end":{"line":40,"column":3}},"loc":{"start":{"line":40,"column":11},"end":{"line":90,"column":3}},"line":40},"3":{"name":"(anonymous_3)","decl":{"start":{"line":44,"column":48},"end":{"line":44,"column":49}},"loc":{"start":{"line":44,"column":70},"end":{"line":46,"column":5}},"line":44},"4":{"name":"(anonymous_4)","decl":{"start":{"line":65,"column":9},"end":{"line":65,"column":10}},"loc":{"start":{"line":65,"column":60},"end":{"line":70,"column":9}},"line":65},"5":{"name":"(anonymous_5)","decl":{"start":{"line":77,"column":11},"end":{"line":77,"column":12}},"loc":{"start":{"line":77,"column":59},"end":{"line":82,"column":11}},"line":77},"6":{"name":"(anonymous_6)","decl":{"start":{"line":93,"column":31},"end":{"line":93,"column":32}},"loc":{"start":{"line":93,"column":43},"end":{"line":95,"column":1}},"line":93}},"branchMap":{"0":{"loc":{"start":{"line":35,"column":4},"end":{"line":37,"column":5}},"type":"if","locations":[{"start":{"line":35,"column":4},"end":{"line":37,"column":5}},{"start":{"line":35,"column":4},"end":{"line":37,"column":5}}],"line":35},"1":{"loc":{"start":{"line":53,"column":53},"end":{"line":53,"column":92}},"type":"cond-expr","locations":[{"start":{"line":53,"column":74},"end":{"line":53,"column":82}},{"start":{"line":53,"column":85},"end":{"line":53,"column":92}}],"line":53},"2":{"loc":{"start":{"line":60,"column":9},"end":{"line":60,"column":139}},"type":"binary-expr","locations":[{"start":{"line":60,"column":9},"end":{"line":60,"column":34}},{"start":{"line":60,"column":38},"end":{"line":60,"column":139}}],"line":60},"3":{"loc":{"start":{"line":66,"column":10},"end":{"line":66,"column":40}},"type":"if","locations":[{"start":{"line":66,"column":10},"end":{"line":66,"column":40}},{"start":{"line":66,"column":10},"end":{"line":66,"column":40}}],"line":66},"4":{"loc":{"start":{"line":67,"column":10},"end":{"line":67,"column":48}},"type":"if","locations":[{"start":{"line":67,"column":10},"end":{"line":67,"column":48}},{"start":{"line":67,"column":10},"end":{"line":67,"column":48}}],"line":67},"5":{"loc":{"start":{"line":68,"column":10},"end":{"line":68,"column":86}},"type":"if","locations":[{"start":{"line":68,"column":10},"end":{"line":68,"column":86}},{"start":{"line":68,"column":10},"end":{"line":68,"column":86}}],"line":68},"6":{"loc":{"start":{"line":69,"column":10},"end":{"line":69,"column":51}},"type":"if","locations":[{"start":{"line":69,"column":10},"end":{"line":69,"column":51}},{"start":{"line":69,"column":10},"end":{"line":69,"column":51}}],"line":69},"7":{"loc":{"start":{"line":72,"column":10},"end":{"line":83,"column":21}},"type":"binary-expr","locations":[{"start":{"line":72,"column":10},"end":{"line":72,"column":29}},{"start":{"line":73,"column":10},"end":{"line":83,"column":21}}],"line":72},"8":{"loc":{"start":{"line":78,"column":12},"end":{"line":78,"column":42}},"type":"if","locations":[{"start":{"line":78,"column":12},"end":{"line":78,"column":42}},{"start":{"line":78,"column":12},"end":{"line":78,"column":42}}],"line":78},"9":{"loc":{"start":{"line":79,"column":12},"end":{"line":79,"column":50}},"type":"if","locations":[{"start":{"line":79,"column":12},"end":{"line":79,"column":50}},{"start":{"line":79,"column":12},"end":{"line":79,"column":50}}],"line":79},"10":{"loc":{"start":{"line":80,"column":12},"end":{"line":80,"column":113}},"type":"if","locations":[{"start":{"line":80,"column":12},"end":{"line":80,"column":113}},{"start":{"line":80,"column":12},"end":{"line":80,"column":113}}],"line":80},"11":{"loc":{"start":{"line":81,"column":12},"end":{"line":81,"column":53}},"type":"if","locations":[{"start":{"line":81,"column":12},"end":{"line":81,"column":53}},{"start":{"line":81,"column":12},"end":{"line":81,"column":53}}],"line":81}},"s":{"0":2,"1":2,"2":0,"3":0,"4":0,"5":0,"6":0,"7":0,"8":0,"9":0,"10":0,"11":0,"12":0,"13":0,"14":0,"15":0,"16":0,"17":0,"18":0,"19":0,"20":0,"21":0,"22":0,"23":0,"24":0,"25":0,"26":0,"27":0,"28":0,"29":0,"30":2,"31":1},"f":{"0":0,"1":0,"2":0,"3":0,"4":0,"5":0,"6":1},"b":{"0":[0,0],"1":[0,0],"2":[0,0],"3":[0,0],"4":[0,0],"5":[0,0],"6":[0,0],"7":[0,0],"8":[0,0],"9":[0,0],"10":[0,0],"11":[0,0]},"_coverageSchema":"43e27e138ebf9cfc5966b082cf9a028302ed4184","hash":"bc3016030267446b1b2fb46c48321f73bccbc9ab"}
,"/Users/jessicahansen/turing/mod4/cross-pollination/ride-with-me/src/containers/RideRequest/RideRequest.js": {"path":"/Users/jessicahansen/turing/mod4/cross-pollination/ride-with-me/src/containers/RideRequest/RideRequest.js","statementMap":{"0":{"start":{"line":9,"column":4},"end":{"line":9,"column":11}},"1":{"start":{"line":10,"column":4},"end":{"line":12,"column":5}},"2":{"start":{"line":15,"column":17},"end":{"line":18,"column":3}},"3":{"start":{"line":16,"column":28},"end":{"line":16,"column":36}},"4":{"start":{"line":17,"column":4},"end":{"line":17,"column":36}},"5":{"start":{"line":21,"column":24},"end":{"line":21,"column":34}},"6":{"start":{"line":22,"column":23},"end":{"line":22,"column":33}},"7":{"start":{"line":23,"column":21},"end":{"line":23,"column":36}},"8":{"start":{"line":24,"column":27},"end":{"line":34,"column":8}},"9":{"start":{"line":35,"column":4},"end":{"line":64,"column":5}},"10":{"start":{"line":49,"column":14},"end":{"line":49,"column":44}},"11":{"start":{"line":49,"column":27},"end":{"line":49,"column":44}},"12":{"start":{"line":50,"column":14},"end":{"line":50,"column":48}},"13":{"start":{"line":50,"column":25},"end":{"line":50,"column":48}},"14":{"start":{"line":51,"column":14},"end":{"line":58,"column":38}},"15":{"start":{"line":51,"column":25},"end":{"line":58,"column":38}},"16":{"start":{"line":52,"column":16},"end":{"line":52,"column":34}},"17":{"start":{"line":53,"column":16},"end":{"line":57,"column":19}},"18":{"start":{"line":59,"column":14},"end":{"line":59,"column":55}},"19":{"start":{"line":59,"column":24},"end":{"line":59,"column":55}},"20":{"start":{"line":68,"column":31},"end":{"line":70,"column":2}},"21":{"start":{"line":68,"column":43},"end":{"line":70,"column":1}}},"fnMap":{"0":{"name":"(anonymous_0)","decl":{"start":{"line":8,"column":2},"end":{"line":8,"column":3}},"loc":{"start":{"line":8,"column":16},"end":{"line":13,"column":3}},"line":8},"1":{"name":"(anonymous_1)","decl":{"start":{"line":15,"column":17},"end":{"line":15,"column":18}},"loc":{"start":{"line":15,"column":24},"end":{"line":18,"column":3}},"line":15},"2":{"name":"(anonymous_2)","decl":{"start":{"line":20,"column":2},"end":{"line":20,"column":3}},"loc":{"start":{"line":20,"column":11},"end":{"line":65,"column":3}},"line":20},"3":{"name":"(anonymous_3)","decl":{"start":{"line":48,"column":13},"end":{"line":48,"column":14}},"loc":{"start":{"line":48,"column":58},"end":{"line":60,"column":13}},"line":48},"4":{"name":"(anonymous_4)","decl":{"start":{"line":51,"column":49},"end":{"line":51,"column":50}},"loc":{"start":{"line":51,"column":56},"end":{"line":58,"column":15}},"line":51},"5":{"name":"(anonymous_5)","decl":{"start":{"line":68,"column":31},"end":{"line":68,"column":32}},"loc":{"start":{"line":68,"column":43},"end":{"line":70,"column":1}},"line":68}},"branchMap":{"0":{"loc":{"start":{"line":49,"column":14},"end":{"line":49,"column":44}},"type":"if","locations":[{"start":{"line":49,"column":14},"end":{"line":49,"column":44}},{"start":{"line":49,"column":14},"end":{"line":49,"column":44}}],"line":49},"1":{"loc":{"start":{"line":50,"column":14},"end":{"line":50,"column":48}},"type":"if","locations":[{"start":{"line":50,"column":14},"end":{"line":50,"column":48}},{"start":{"line":50,"column":14},"end":{"line":50,"column":48}}],"line":50},"2":{"loc":{"start":{"line":51,"column":14},"end":{"line":58,"column":38}},"type":"if","locations":[{"start":{"line":51,"column":14},"end":{"line":58,"column":38}},{"start":{"line":51,"column":14},"end":{"line":58,"column":38}}],"line":51},"3":{"loc":{"start":{"line":59,"column":14},"end":{"line":59,"column":55}},"type":"if","locations":[{"start":{"line":59,"column":14},"end":{"line":59,"column":55}},{"start":{"line":59,"column":14},"end":{"line":59,"column":55}}],"line":59}},"s":{"0":3,"1":3,"2":3,"3":1,"4":1,"5":4,"6":4,"7":4,"8":4,"9":4,"10":0,"11":0,"12":0,"13":0,"14":0,"15":0,"16":0,"17":0,"18":0,"19":0,"20":3,"21":1},"f":{"0":3,"1":1,"2":4,"3":0,"4":0,"5":1},"b":{"0":[0,0],"1":[0,0],"2":[0,0],"3":[0,0]},"_coverageSchema":"43e27e138ebf9cfc5966b082cf9a028302ed4184","hash":"803cd8fc3bb53bb7bbdf18001e04188e17ebbbcb"}
,"/Users/jessicahansen/turing/mod4/cross-pollination/ride-with-me/src/containers/RideSearch/RideSearch.js": {"path":"/Users/jessicahansen/turing/mod4/cross-pollination/ride-with-me/src/containers/RideSearch/RideSearch.js","statementMap":{"0":{"start":{"line":11,"column":4},"end":{"line":11,"column":12}},"1":{"start":{"line":12,"column":4},"end":{"line":19,"column":5}},"2":{"start":{"line":22,"column":17},"end":{"line":25,"column":3}},"3":{"start":{"line":23,"column":28},"end":{"line":23,"column":36}},"4":{"start":{"line":24,"column":4},"end":{"line":24,"column":36}},"5":{"start":{"line":27,"column":17},"end":{"line":37,"column":3}},"6":{"start":{"line":29,"column":57},"end":{"line":29,"column":67}},"7":{"start":{"line":30,"column":4},"end":{"line":30,"column":22}},"8":{"start":{"line":31,"column":4},"end":{"line":35,"column":5}},"9":{"start":{"line":32,"column":6},"end":{"line":32,"column":277}},"10":{"start":{"line":34,"column":6},"end":{"line":34,"column":243}},"11":{"start":{"line":36,"column":4},"end":{"line":36,"column":46}},"12":{"start":{"line":39,"column":18},"end":{"line":43,"column":3}},"13":{"start":{"line":40,"column":4},"end":{"line":42,"column":6}},"14":{"start":{"line":41,"column":6},"end":{"line":41,"column":119}},"15":{"start":{"line":45,"column":20},"end":{"line":47,"column":3}},"16":{"start":{"line":46,"column":4},"end":{"line":46,"column":52}},"17":{"start":{"line":50,"column":82},"end":{"line":50,"column":92}},"18":{"start":{"line":51,"column":30},"end":{"line":51,"column":40}},"19":{"start":{"line":54,"column":4},"end":{"line":57,"column":7}},"20":{"start":{"line":55,"column":6},"end":{"line":56,"column":98}},"21":{"start":{"line":56,"column":8},"end":{"line":56,"column":95}},"22":{"start":{"line":59,"column":4},"end":{"line":59,"column":74}},"23":{"start":{"line":59,"column":16},"end":{"line":59,"column":74}},"24":{"start":{"line":61,"column":4},"end":{"line":93,"column":5}},"25":{"start":{"line":97,"column":31},"end":{"line":102,"column":2}},"26":{"start":{"line":97,"column":43},"end":{"line":102,"column":1}},"27":{"start":{"line":104,"column":34},"end":{"line":106,"column":2}},"28":{"start":{"line":104,"column":49},"end":{"line":106,"column":1}},"29":{"start":{"line":105,"column":39},"end":{"line":105,"column":80}}},"fnMap":{"0":{"name":"(anonymous_0)","decl":{"start":{"line":10,"column":2},"end":{"line":10,"column":3}},"loc":{"start":{"line":10,"column":16},"end":{"line":20,"column":3}},"line":10},"1":{"name":"(anonymous_1)","decl":{"start":{"line":22,"column":17},"end":{"line":22,"column":18}},"loc":{"start":{"line":22,"column":24},"end":{"line":25,"column":3}},"line":22},"2":{"name":"(anonymous_2)","decl":{"start":{"line":27,"column":17},"end":{"line":27,"column":18}},"loc":{"start":{"line":27,"column":24},"end":{"line":37,"column":3}},"line":27},"3":{"name":"(anonymous_3)","decl":{"start":{"line":39,"column":18},"end":{"line":39,"column":19}},"loc":{"start":{"line":39,"column":24},"end":{"line":43,"column":3}},"line":39},"4":{"name":"(anonymous_4)","decl":{"start":{"line":40,"column":33},"end":{"line":40,"column":34}},"loc":{"start":{"line":40,"column":41},"end":{"line":42,"column":5}},"line":40},"5":{"name":"(anonymous_5)","decl":{"start":{"line":45,"column":20},"end":{"line":45,"column":21}},"loc":{"start":{"line":45,"column":40},"end":{"line":47,"column":3}},"line":45},"6":{"name":"(anonymous_6)","decl":{"start":{"line":49,"column":2},"end":{"line":49,"column":3}},"loc":{"start":{"line":49,"column":11},"end":{"line":94,"column":3}},"line":49},"7":{"name":"(anonymous_7)","decl":{"start":{"line":55,"column":41},"end":{"line":55,"column":42}},"loc":{"start":{"line":55,"column":49},"end":{"line":56,"column":97}},"line":55},"8":{"name":"(anonymous_8)","decl":{"start":{"line":97,"column":31},"end":{"line":97,"column":32}},"loc":{"start":{"line":97,"column":43},"end":{"line":102,"column":1}},"line":97},"9":{"name":"(anonymous_9)","decl":{"start":{"line":104,"column":34},"end":{"line":104,"column":35}},"loc":{"start":{"line":104,"column":49},"end":{"line":106,"column":1}},"line":104},"10":{"name":"(anonymous_10)","decl":{"start":{"line":105,"column":19},"end":{"line":105,"column":20}},"loc":{"start":{"line":105,"column":39},"end":{"line":105,"column":80}},"line":105}},"branchMap":{"0":{"loc":{"start":{"line":31,"column":4},"end":{"line":35,"column":5}},"type":"if","locations":[{"start":{"line":31,"column":4},"end":{"line":35,"column":5}},{"start":{"line":31,"column":4},"end":{"line":35,"column":5}}],"line":31},"1":{"loc":{"start":{"line":54,"column":4},"end":{"line":57,"column":7}},"type":"if","locations":[{"start":{"line":54,"column":4},"end":{"line":57,"column":7}},{"start":{"line":54,"column":4},"end":{"line":57,"column":7}}],"line":54},"2":{"loc":{"start":{"line":59,"column":4},"end":{"line":59,"column":74}},"type":"if","locations":[{"start":{"line":59,"column":4},"end":{"line":59,"column":74}},{"start":{"line":59,"column":4},"end":{"line":59,"column":74}}],"line":59},"3":{"loc":{"start":{"line":64,"column":10},"end":{"line":64,"column":54}},"type":"binary-expr","locations":[{"start":{"line":64,"column":10},"end":{"line":64,"column":26}},{"start":{"line":64,"column":30},"end":{"line":64,"column":54}}],"line":64},"4":{"loc":{"start":{"line":65,"column":9},"end":{"line":89,"column":20}},"type":"cond-expr","locations":[{"start":{"line":66,"column":10},"end":{"line":88,"column":17}},{"start":{"line":89,"column":10},"end":{"line":89,"column":20}}],"line":65},"5":{"loc":{"start":{"line":90,"column":10},"end":{"line":90,"column":44}},"type":"binary-expr","locations":[{"start":{"line":90,"column":10},"end":{"line":90,"column":30}},{"start":{"line":90,"column":34},"end":{"line":90,"column":44}}],"line":90}},"s":{"0":2,"1":2,"2":2,"3":0,"4":0,"5":2,"6":0,"7":0,"8":0,"9":0,"10":0,"11":0,"12":2,"13":0,"14":0,"15":2,"16":0,"17":2,"18":2,"19":2,"20":0,"21":0,"22":2,"23":0,"24":2,"25":2,"26":0,"27":2,"28":0,"29":0},"f":{"0":2,"1":0,"2":0,"3":0,"4":0,"5":0,"6":2,"7":0,"8":0,"9":0,"10":0},"b":{"0":[0,0],"1":[0,2],"2":[0,2],"3":[2,2],"4":[0,2],"5":[2,0]},"_coverageSchema":"43e27e138ebf9cfc5966b082cf9a028302ed4184","hash":"f951f654076d87562208cd86fe711e341841de8f"}
,"/Users/jessicahansen/turing/mod4/cross-pollination/ride-with-me/src/reducers/citiesReducer.js": {"path":"/Users/jessicahansen/turing/mod4/cross-pollination/ride-with-me/src/reducers/citiesReducer.js","statementMap":{"0":{"start":{"line":1,"column":29},"end":{"line":9,"column":1}},"1":{"start":{"line":2,"column":2},"end":{"line":8,"column":3}},"2":{"start":{"line":4,"column":6},"end":{"line":4,"column":26}},"3":{"start":{"line":7,"column":6},"end":{"line":7,"column":18}}},"fnMap":{"0":{"name":"(anonymous_0)","decl":{"start":{"line":1,"column":29},"end":{"line":1,"column":30}},"loc":{"start":{"line":1,"column":53},"end":{"line":9,"column":1}},"line":1}},"branchMap":{"0":{"loc":{"start":{"line":1,"column":30},"end":{"line":1,"column":40}},"type":"default-arg","locations":[{"start":{"line":1,"column":38},"end":{"line":1,"column":40}}],"line":1},"1":{"loc":{"start":{"line":2,"column":2},"end":{"line":8,"column":3}},"type":"switch","locations":[{"start":{"line":3,"column":4},"end":{"line":4,"column":26}},{"start":{"line":6,"column":4},"end":{"line":7,"column":18}}],"line":2}},"s":{"0":1,"1":2,"2":1,"3":1},"f":{"0":2},"b":{"0":[0],"1":[1,1]},"_coverageSchema":"43e27e138ebf9cfc5966b082cf9a028302ed4184","hash":"96105d9c944775e88c52e8027dc01ffe883b3984"}
,"/Users/jessicahansen/turing/mod4/cross-pollination/ride-with-me/src/reducers/errorReducer.js": {"path":"/Users/jessicahansen/turing/mod4/cross-pollination/ride-with-me/src/reducers/errorReducer.js","statementMap":{"0":{"start":{"line":1,"column":28},"end":{"line":9,"column":1}},"1":{"start":{"line":2,"column":2},"end":{"line":8,"column":3}},"2":{"start":{"line":4,"column":6},"end":{"line":4,"column":27}},"3":{"start":{"line":7,"column":6},"end":{"line":7,"column":18}}},"fnMap":{"0":{"name":"(anonymous_0)","decl":{"start":{"line":1,"column":28},"end":{"line":1,"column":29}},"loc":{"start":{"line":1,"column":52},"end":{"line":9,"column":1}},"line":1}},"branchMap":{"0":{"loc":{"start":{"line":1,"column":29},"end":{"line":1,"column":39}},"type":"default-arg","locations":[{"start":{"line":1,"column":37},"end":{"line":1,"column":39}}],"line":1},"1":{"loc":{"start":{"line":2,"column":2},"end":{"line":8,"column":3}},"type":"switch","locations":[{"start":{"line":3,"column":4},"end":{"line":4,"column":27}},{"start":{"line":6,"column":4},"end":{"line":7,"column":18}}],"line":2}},"s":{"0":1,"1":2,"2":1,"3":1},"f":{"0":2},"b":{"0":[0],"1":[1,1]},"_coverageSchema":"43e27e138ebf9cfc5966b082cf9a028302ed4184","hash":"0615b3ea2d62336a26e43903d6ef155c5f770f9a"}
,"/Users/jessicahansen/turing/mod4/cross-pollination/ride-with-me/src/reducers/loadingReducer.js": {"path":"/Users/jessicahansen/turing/mod4/cross-pollination/ride-with-me/src/reducers/loadingReducer.js","statementMap":{"0":{"start":{"line":1,"column":30},"end":{"line":9,"column":1}},"1":{"start":{"line":2,"column":2},"end":{"line":8,"column":3}},"2":{"start":{"line":4,"column":6},"end":{"line":4,"column":27}},"3":{"start":{"line":7,"column":6},"end":{"line":7,"column":18}}},"fnMap":{"0":{"name":"(anonymous_0)","decl":{"start":{"line":1,"column":30},"end":{"line":1,"column":31}},"loc":{"start":{"line":1,"column":57},"end":{"line":9,"column":1}},"line":1}},"branchMap":{"0":{"loc":{"start":{"line":1,"column":31},"end":{"line":1,"column":44}},"type":"default-arg","locations":[{"start":{"line":1,"column":39},"end":{"line":1,"column":44}}],"line":1},"1":{"loc":{"start":{"line":2,"column":2},"end":{"line":8,"column":3}},"type":"switch","locations":[{"start":{"line":3,"column":4},"end":{"line":4,"column":27}},{"start":{"line":6,"column":4},"end":{"line":7,"column":18}}],"line":2}},"s":{"0":1,"1":2,"2":1,"3":1},"f":{"0":2},"b":{"0":[0],"1":[1,1]},"_coverageSchema":"43e27e138ebf9cfc5966b082cf9a028302ed4184","hash":"abc94fce39d5a51a78ea282fcf569031cf4fc2e8"}
,"/Users/jessicahansen/turing/mod4/cross-pollination/ride-with-me/src/reducers/ridesReducer.js": {"path":"/Users/jessicahansen/turing/mod4/cross-pollination/ride-with-me/src/reducers/ridesReducer.js","statementMap":{"0":{"start":{"line":1,"column":28},"end":{"line":9,"column":1}},"1":{"start":{"line":2,"column":2},"end":{"line":8,"column":3}},"2":{"start":{"line":4,"column":6},"end":{"line":4,"column":25}},"3":{"start":{"line":7,"column":6},"end":{"line":7,"column":18}}},"fnMap":{"0":{"name":"(anonymous_0)","decl":{"start":{"line":1,"column":28},"end":{"line":1,"column":29}},"loc":{"start":{"line":1,"column":52},"end":{"line":9,"column":1}},"line":1}},"branchMap":{"0":{"loc":{"start":{"line":1,"column":29},"end":{"line":1,"column":39}},"type":"default-arg","locations":[{"start":{"line":1,"column":37},"end":{"line":1,"column":39}}],"line":1},"1":{"loc":{"start":{"line":2,"column":2},"end":{"line":8,"column":3}},"type":"switch","locations":[{"start":{"line":3,"column":4},"end":{"line":4,"column":25}},{"start":{"line":6,"column":4},"end":{"line":7,"column":18}}],"line":2}},"s":{"0":1,"1":2,"2":1,"3":1},"f":{"0":2},"b":{"0":[0],"1":[1,1]},"_coverageSchema":"43e27e138ebf9cfc5966b082cf9a028302ed4184","hash":"8e14a8b00a9d25d05c245d72817c185ccb3fafb2"}
,"/Users/jessicahansen/turing/mod4/cross-pollination/ride-with-me/src/reducers/searchResultsReducer.js": {"path":"/Users/jessicahansen/turing/mod4/cross-pollination/ride-with-me/src/reducers/searchResultsReducer.js","statementMap":{"0":{"start":{"line":1,"column":36},"end":{"line":9,"column":1}},"1":{"start":{"line":2,"column":2},"end":{"line":8,"column":3}},"2":{"start":{"line":4,"column":6},"end":{"line":4,"column":33}},"3":{"start":{"line":7,"column":6},"end":{"line":7,"column":18}}},"fnMap":{"0":{"name":"(anonymous_0)","decl":{"start":{"line":1,"column":36},"end":{"line":1,"column":37}},"loc":{"start":{"line":1,"column":60},"end":{"line":9,"column":1}},"line":1}},"branchMap":{"0":{"loc":{"start":{"line":1,"column":37},"end":{"line":1,"column":47}},"type":"default-arg","locations":[{"start":{"line":1,"column":45},"end":{"line":1,"column":47}}],"line":1},"1":{"loc":{"start":{"line":2,"column":2},"end":{"line":8,"column":3}},"type":"switch","locations":[{"start":{"line":3,"column":4},"end":{"line":4,"column":33}},{"start":{"line":6,"column":4},"end":{"line":7,"column":18}}],"line":2}},"s":{"0":1,"1":2,"2":1,"3":1},"f":{"0":2},"b":{"0":[0],"1":[1,1]},"_coverageSchema":"43e27e138ebf9cfc5966b082cf9a028302ed4184","hash":"2e9d0799f62adff5497097d332b43246d244c54b"}
,"/Users/jessicahansen/turing/mod4/cross-pollination/ride-with-me/src/reducers/searchableCitiesReducer.js": {"path":"/Users/jessicahansen/turing/mod4/cross-pollination/ride-with-me/src/reducers/searchableCitiesReducer.js","statementMap":{"0":{"start":{"line":1,"column":39},"end":{"line":9,"column":1}},"1":{"start":{"line":2,"column":2},"end":{"line":8,"column":3}},"2":{"start":{"line":4,"column":6},"end":{"line":4,"column":36}},"3":{"start":{"line":7,"column":6},"end":{"line":7,"column":18}}},"fnMap":{"0":{"name":"(anonymous_0)","decl":{"start":{"line":1,"column":39},"end":{"line":1,"column":40}},"loc":{"start":{"line":1,"column":63},"end":{"line":9,"column":1}},"line":1}},"branchMap":{"0":{"loc":{"start":{"line":1,"column":40},"end":{"line":1,"column":50}},"type":"default-arg","locations":[{"start":{"line":1,"column":48},"end":{"line":1,"column":50}}],"line":1},"1":{"loc":{"start":{"line":2,"column":2},"end":{"line":8,"column":3}},"type":"switch","locations":[{"start":{"line":3,"column":4},"end":{"line":4,"column":36}},{"start":{"line":6,"column":4},"end":{"line":7,"column":18}}],"line":2}},"s":{"0":1,"1":2,"2":1,"3":1},"f":{"0":2},"b":{"0":[0],"1":[1,1]},"_coverageSchema":"43e27e138ebf9cfc5966b082cf9a028302ed4184","hash":"3602ebb4a77956871a18b5850dbfc68c4c2062a5"}
,"/Users/jessicahansen/turing/mod4/cross-pollination/ride-with-me/src/reducers/userReducer.js": {"path":"/Users/jessicahansen/turing/mod4/cross-pollination/ride-with-me/src/reducers/userReducer.js","statementMap":{"0":{"start":{"line":1,"column":27},"end":{"line":12,"column":1}},"1":{"start":{"line":2,"column":2},"end":{"line":11,"column":3}},"2":{"start":{"line":4,"column":6},"end":{"line":4,"column":24}},"3":{"start":{"line":7,"column":6},"end":{"line":7,"column":24}},"4":{"start":{"line":10,"column":6},"end":{"line":10,"column":18}}},"fnMap":{"0":{"name":"(anonymous_0)","decl":{"start":{"line":1,"column":27},"end":{"line":1,"column":28}},"loc":{"start":{"line":1,"column":51},"end":{"line":12,"column":1}},"line":1}},"branchMap":{"0":{"loc":{"start":{"line":1,"column":28},"end":{"line":1,"column":38}},"type":"default-arg","locations":[{"start":{"line":1,"column":36},"end":{"line":1,"column":38}}],"line":1},"1":{"loc":{"start":{"line":2,"column":2},"end":{"line":11,"column":3}},"type":"switch","locations":[{"start":{"line":3,"column":4},"end":{"line":4,"column":24}},{"start":{"line":6,"column":4},"end":{"line":7,"column":24}},{"start":{"line":9,"column":4},"end":{"line":10,"column":18}}],"line":2}},"s":{"0":1,"1":3,"2":1,"3":1,"4":1},"f":{"0":3},"b":{"0":[0],"1":[1,1,1]},"_coverageSchema":"43e27e138ebf9cfc5966b082cf9a028302ed4184","hash":"fc7ff4978cb4f62503d19920caacf2999e313df5"}
,"/Users/jessicahansen/turing/mod4/cross-pollination/ride-with-me/src/thunks/fetchCities.js": {"path":"/Users/jessicahansen/turing/mod4/cross-pollination/ride-with-me/src/thunks/fetchCities.js","statementMap":{"0":{"start":{"line":4,"column":27},"end":{"line":24,"column":1}},"1":{"start":{"line":5,"column":2},"end":{"line":23,"column":3}},"2":{"start":{"line":6,"column":16},"end":{"line":6,"column":69}},"3":{"start":{"line":7,"column":4},"end":{"line":22,"column":5}},"4":{"start":{"line":8,"column":6},"end":{"line":8,"column":31}},"5":{"start":{"line":9,"column":27},"end":{"line":9,"column":52}},"6":{"start":{"line":10,"column":22},"end":{"line":10,"column":63}},"7":{"start":{"line":11,"column":23},"end":{"line":11,"column":48}},"8":{"start":{"line":12,"column":6},"end":{"line":14,"column":7}},"9":{"start":{"line":13,"column":8},"end":{"line":13,"column":41}},"10":{"start":{"line":15,"column":21},"end":{"line":15,"column":42}},"11":{"start":{"line":16,"column":21},"end":{"line":16,"column":42}},"12":{"start":{"line":17,"column":6},"end":{"line":17,"column":32}},"13":{"start":{"line":18,"column":6},"end":{"line":18,"column":35}},"14":{"start":{"line":20,"column":6},"end":{"line":20,"column":32}},"15":{"start":{"line":21,"column":6},"end":{"line":21,"column":39}}},"fnMap":{"0":{"name":"(anonymous_0)","decl":{"start":{"line":4,"column":27},"end":{"line":4,"column":28}},"loc":{"start":{"line":4,"column":33},"end":{"line":24,"column":1}},"line":4},"1":{"name":"(anonymous_1)","decl":{"start":{"line":5,"column":9},"end":{"line":5,"column":10}},"loc":{"start":{"line":5,"column":29},"end":{"line":23,"column":3}},"line":5}},"branchMap":{"0":{"loc":{"start":{"line":12,"column":6},"end":{"line":14,"column":7}},"type":"if","locations":[{"start":{"line":12,"column":6},"end":{"line":14,"column":7}},{"start":{"line":12,"column":6},"end":{"line":14,"column":7}}],"line":12}},"s":{"0":2,"1":2,"2":2,"3":2,"4":2,"5":2,"6":2,"7":2,"8":2,"9":1,"10":1,"11":1,"12":1,"13":1,"14":1,"15":1},"f":{"0":2,"1":2},"b":{"0":[1,1]},"_coverageSchema":"43e27e138ebf9cfc5966b082cf9a028302ed4184","hash":"3aa95e307233192b21bde1865bb53684abfdf601"}
,"/Users/jessicahansen/turing/mod4/cross-pollination/ride-with-me/src/thunks/fetchRideInfo.js": {"path":"/Users/jessicahansen/turing/mod4/cross-pollination/ride-with-me/src/thunks/fetchRideInfo.js","statementMap":{"0":{"start":{"line":4,"column":29},"end":{"line":24,"column":1}},"1":{"start":{"line":5,"column":2},"end":{"line":23,"column":3}},"2":{"start":{"line":6,"column":16},"end":{"line":6,"column":76}},"3":{"start":{"line":7,"column":4},"end":{"line":22,"column":5}},"4":{"start":{"line":8,"column":6},"end":{"line":8,"column":31}},"5":{"start":{"line":9,"column":27},"end":{"line":9,"column":253}},"6":{"start":{"line":10,"column":22},"end":{"line":10,"column":63}},"7":{"start":{"line":11,"column":23},"end":{"line":11,"column":48}},"8":{"start":{"line":12,"column":6},"end":{"line":14,"column":7}},"9":{"start":{"line":13,"column":8},"end":{"line":13,"column":41}},"10":{"start":{"line":15,"column":21},"end":{"line":15,"column":42}},"11":{"start":{"line":16,"column":20},"end":{"line":16,"column":46}},"12":{"start":{"line":17,"column":6},"end":{"line":17,"column":32}},"13":{"start":{"line":18,"column":6},"end":{"line":18,"column":33}},"14":{"start":{"line":20,"column":6},"end":{"line":20,"column":32}},"15":{"start":{"line":21,"column":6},"end":{"line":21,"column":39}}},"fnMap":{"0":{"name":"(anonymous_0)","decl":{"start":{"line":4,"column":29},"end":{"line":4,"column":30}},"loc":{"start":{"line":4,"column":35},"end":{"line":24,"column":1}},"line":4},"1":{"name":"(anonymous_1)","decl":{"start":{"line":5,"column":9},"end":{"line":5,"column":10}},"loc":{"start":{"line":5,"column":29},"end":{"line":23,"column":3}},"line":5}},"branchMap":{"0":{"loc":{"start":{"line":12,"column":6},"end":{"line":14,"column":7}},"type":"if","locations":[{"start":{"line":12,"column":6},"end":{"line":14,"column":7}},{"start":{"line":12,"column":6},"end":{"line":14,"column":7}}],"line":12}},"s":{"0":2,"1":2,"2":2,"3":2,"4":2,"5":2,"6":2,"7":2,"8":2,"9":1,"10":1,"11":1,"12":1,"13":1,"14":1,"15":1},"f":{"0":2,"1":2},"b":{"0":[1,1]},"_coverageSchema":"43e27e138ebf9cfc5966b082cf9a028302ed4184","hash":"ec54b6ca6f224ce68742363c06760ddafc6508c4"}
,"/Users/jessicahansen/turing/mod4/cross-pollination/ride-with-me/src/thunks/fetchRideSearch.js": {"path":"/Users/jessicahansen/turing/mod4/cross-pollination/ride-with-me/src/thunks/fetchRideSearch.js","statementMap":{"0":{"start":{"line":4,"column":31},"end":{"line":22,"column":1}},"1":{"start":{"line":5,"column":2},"end":{"line":21,"column":3}},"2":{"start":{"line":6,"column":16},"end":{"line":6,"column":76}},"3":{"start":{"line":7,"column":4},"end":{"line":20,"column":5}},"4":{"start":{"line":8,"column":6},"end":{"line":8,"column":31}},"5":{"start":{"line":9,"column":22},"end":{"line":9,"column":65}},"6":{"start":{"line":10,"column":23},"end":{"line":10,"column":48}},"7":{"start":{"line":11,"column":6},"end":{"line":13,"column":7}},"8":{"start":{"line":12,"column":8},"end":{"line":12,"column":41}},"9":{"start":{"line":14,"column":21},"end":{"line":14,"column":42}},"10":{"start":{"line":15,"column":6},"end":{"line":15,"column":32}},"11":{"start":{"line":16,"column":6},"end":{"line":16,"column":67}},"12":{"start":{"line":18,"column":6},"end":{"line":18,"column":32}},"13":{"start":{"line":19,"column":6},"end":{"line":19,"column":39}}},"fnMap":{"0":{"name":"(anonymous_0)","decl":{"start":{"line":4,"column":31},"end":{"line":4,"column":32}},"loc":{"start":{"line":4,"column":51},"end":{"line":22,"column":1}},"line":4},"1":{"name":"(anonymous_1)","decl":{"start":{"line":5,"column":9},"end":{"line":5,"column":10}},"loc":{"start":{"line":5,"column":29},"end":{"line":21,"column":3}},"line":5}},"branchMap":{"0":{"loc":{"start":{"line":11,"column":6},"end":{"line":13,"column":7}},"type":"if","locations":[{"start":{"line":11,"column":6},"end":{"line":13,"column":7}},{"start":{"line":11,"column":6},"end":{"line":13,"column":7}}],"line":11}},"s":{"0":3,"1":2,"2":2,"3":2,"4":2,"5":2,"6":2,"7":2,"8":1,"9":1,"10":1,"11":1,"12":1,"13":1},"f":{"0":2,"1":2},"b":{"0":[1,1]},"_coverageSchema":"43e27e138ebf9cfc5966b082cf9a028302ed4184","hash":"58eeb478cd8ee31c7c0dd56bd6e8d2523337f3b0"}
,"/Users/jessicahansen/turing/mod4/cross-pollination/ride-with-me/src/thunks/fetchSearchableCities.js": {"path":"/Users/jessicahansen/turing/mod4/cross-pollination/ride-with-me/src/thunks/fetchSearchableCities.js","statementMap":{"0":{"start":{"line":4,"column":37},"end":{"line":24,"column":1}},"1":{"start":{"line":5,"column":2},"end":{"line":23,"column":3}},"2":{"start":{"line":6,"column":16},"end":{"line":6,"column":69}},"3":{"start":{"line":7,"column":4},"end":{"line":22,"column":5}},"4":{"start":{"line":8,"column":6},"end":{"line":8,"column":31}},"5":{"start":{"line":9,"column":27},"end":{"line":9,"column":89}},"6":{"start":{"line":10,"column":22},"end":{"line":10,"column":63}},"7":{"start":{"line":11,"column":23},"end":{"line":11,"column":48}},"8":{"start":{"line":12,"column":6},"end":{"line":14,"column":7}},"9":{"start":{"line":13,"column":8},"end":{"line":13,"column":41}},"10":{"start":{"line":15,"column":21},"end":{"line":15,"column":42}},"11":{"start":{"line":16,"column":31},"end":{"line":16,"column":59}},"12":{"start":{"line":17,"column":6},"end":{"line":17,"column":32}},"13":{"start":{"line":18,"column":6},"end":{"line":18,"column":55}},"14":{"start":{"line":20,"column":6},"end":{"line":20,"column":32}},"15":{"start":{"line":21,"column":6},"end":{"line":21,"column":39}}},"fnMap":{"0":{"name":"(anonymous_0)","decl":{"start":{"line":4,"column":37},"end":{"line":4,"column":38}},"loc":{"start":{"line":4,"column":43},"end":{"line":24,"column":1}},"line":4},"1":{"name":"(anonymous_1)","decl":{"start":{"line":5,"column":9},"end":{"line":5,"column":10}},"loc":{"start":{"line":5,"column":29},"end":{"line":23,"column":3}},"line":5}},"branchMap":{"0":{"loc":{"start":{"line":12,"column":6},"end":{"line":14,"column":7}},"type":"if","locations":[{"start":{"line":12,"column":6},"end":{"line":14,"column":7}},{"start":{"line":12,"column":6},"end":{"line":14,"column":7}}],"line":12}},"s":{"0":1,"1":2,"2":2,"3":2,"4":2,"5":2,"6":2,"7":2,"8":2,"9":1,"10":1,"11":1,"12":1,"13":1,"14":1,"15":1},"f":{"0":2,"1":2},"b":{"0":[1,1]},"_coverageSchema":"43e27e138ebf9cfc5966b082cf9a028302ed4184","hash":"3934ae90baca63972d2c260fa7f31e440099de21"}
,"/Users/jessicahansen/turing/mod4/cross-pollination/ride-with-me/src/thunks/mutateLogin.js": {"path":"/Users/jessicahansen/turing/mod4/cross-pollination/ride-with-me/src/thunks/mutateLogin.js","statementMap":{"0":{"start":{"line":3,"column":27},"end":{"line":23,"column":1}},"1":{"start":{"line":4,"column":2},"end":{"line":22,"column":3}},"2":{"start":{"line":5,"column":16},"end":{"line":5,"column":299}},"3":{"start":{"line":6,"column":4},"end":{"line":21,"column":5}},"4":{"start":{"line":7,"column":6},"end":{"line":7,"column":31}},"5":{"start":{"line":8,"column":27},"end":{"line":8,"column":42}},"6":{"start":{"line":9,"column":22},"end":{"line":9,"column":40}},"7":{"start":{"line":10,"column":23},"end":{"line":10,"column":57}},"8":{"start":{"line":11,"column":6},"end":{"line":13,"column":7}},"9":{"start":{"line":12,"column":8},"end":{"line":12,"column":41}},"10":{"start":{"line":14,"column":21},"end":{"line":14,"column":42}},"11":{"start":{"line":15,"column":19},"end":{"line":15,"column":45}},"12":{"start":{"line":16,"column":6},"end":{"line":16,"column":32}},"13":{"start":{"line":17,"column":6},"end":{"line":17,"column":31}},"14":{"start":{"line":19,"column":6},"end":{"line":19,"column":32}},"15":{"start":{"line":20,"column":6},"end":{"line":20,"column":39}}},"fnMap":{"0":{"name":"(anonymous_0)","decl":{"start":{"line":3,"column":27},"end":{"line":3,"column":28}},"loc":{"start":{"line":3,"column":42},"end":{"line":23,"column":1}},"line":3},"1":{"name":"(anonymous_1)","decl":{"start":{"line":4,"column":9},"end":{"line":4,"column":10}},"loc":{"start":{"line":4,"column":29},"end":{"line":22,"column":3}},"line":4}},"branchMap":{"0":{"loc":{"start":{"line":11,"column":6},"end":{"line":13,"column":7}},"type":"if","locations":[{"start":{"line":11,"column":6},"end":{"line":13,"column":7}},{"start":{"line":11,"column":6},"end":{"line":13,"column":7}}],"line":11}},"s":{"0":3,"1":2,"2":2,"3":2,"4":2,"5":2,"6":2,"7":2,"8":2,"9":1,"10":1,"11":1,"12":1,"13":1,"14":1,"15":1},"f":{"0":2,"1":2},"b":{"0":[1,1]},"_coverageSchema":"43e27e138ebf9cfc5966b082cf9a028302ed4184","hash":"d160ff70eb4298e397ba3f1bac19893396c876a2"}
,"/Users/jessicahansen/turing/mod4/cross-pollination/ride-with-me/src/utils/fetchOptionsCreator.js": {"path":"/Users/jessicahansen/turing/mod4/cross-pollination/ride-with-me/src/utils/fetchOptionsCreator.js","statementMap":{"0":{"start":{"line":1,"column":35},"end":{"line":7,"column":2}},"1":{"start":{"line":1,"column":60},"end":{"line":7,"column":1}}},"fnMap":{"0":{"name":"(anonymous_0)","decl":{"start":{"line":1,"column":35},"end":{"line":1,"column":36}},"loc":{"start":{"line":1,"column":60},"end":{"line":7,"column":1}},"line":1}},"branchMap":{},"s":{"0":9,"1":9},"f":{"0":9},"b":{},"_coverageSchema":"43e27e138ebf9cfc5966b082cf9a028302ed4184","hash":"e458007df495593d994f75597478a98e4cd8b521"}
}
