TN:
SF:/Users/jessicahansen/turing/mod4/cross-pollination/ride-with-me/src/actions/index.js
FN:1,(anonymous_0)
FN:6,(anonymous_1)
FN:11,(anonymous_2)
FN:16,(anonymous_3)
FN:21,(anonymous_4)
FN:26,(anonymous_5)
FN:31,(anonymous_6)
FN:36,(anonymous_7)
FNF:8
FNH:8
FNDA:12,(anonymous_0)
FNDA:4,(anonymous_1)
FNDA:22,(anonymous_2)
FNDA:4,(anonymous_3)
FNDA:4,(anonymous_4)
FNDA:4,(anonymous_5)
FNDA:4,(anonymous_6)
FNDA:2,(anonymous_7)
DA:1,19
DA:6,19
DA:11,22
DA:16,19
DA:21,19
DA:26,19
DA:31,19
DA:36,19
LF:8
LH:8
BRF:0
BRH:0
end_of_record
TN:
SF:/Users/jessicahansen/turing/mod4/cross-pollination/ride-with-me/src/components/Callback/Callback.js
FN:3,(anonymous_0)
FNF:1
FNH:1
FNDA:1,(anonymous_0)
DA:3,2
DA:5,1
LF:2
LH:2
BRF:0
BRH:0
end_of_record
TN:
SF:/Users/jessicahansen/turing/mod4/cross-pollination/ride-with-me/src/components/Loader/Loader.js
FN:4,(anonymous_0)
FNF:1
FNH:1
FNDA:1,(anonymous_0)
DA:4,8
DA:5,1
LF:2
LH:2
BRF:0
BRH:0
end_of_record
TN:
SF:/Users/jessicahansen/turing/mod4/cross-pollination/ride-with-me/src/components/NotFound/NotFound.js
FN:4,(anonymous_0)
FNF:1
FNH:1
FNDA:1,(anonymous_0)
DA:4,2
DA:6,1
LF:2
LH:2
BRF:0
BRH:0
end_of_record
TN:
SF:/Users/jessicahansen/turing/mod4/cross-pollination/ride-with-me/src/components/SearchResults/SearchResults.js
FN:3,(anonymous_0)
FN:11,(anonymous_1)
FNF:2
FNH:1
FNDA:1,(anonymous_0)
FNDA:0,(anonymous_1)
DA:3,3
DA:4,1
DA:11,0
LF:3
LH:2
BRF:0
BRH:0
end_of_record
TN:
SF:/Users/jessicahansen/turing/mod4/cross-pollination/ride-with-me/src/components/Welcome/Welcome.js
FN:3,(anonymous_0)
FNF:1
FNH:1
FNDA:1,(anonymous_0)
DA:3,2
DA:5,1
LF:2
LH:2
BRF:0
BRH:0
end_of_record
TN:
SF:/Users/jessicahansen/turing/mod4/cross-pollination/ride-with-me/src/containers/App/App.js
FN:19,(anonymous_0)
FN:24,(anonymous_1)
FN:44,(anonymous_2)
FN:45,(anonymous_3)
FN:58,(anonymous_4)
FN:63,(anonymous_5)
FN:64,(anonymous_6)
FN:65,(anonymous_7)
FNF:8
FNH:4
FNDA:5,(anonymous_0)
FNDA:3,(anonymous_1)
FNDA:0,(anonymous_2)
FNDA:0,(anonymous_3)
FNDA:0,(anonymous_4)
FNDA:1,(anonymous_5)
FNDA:1,(anonymous_6)
FNDA:0,(anonymous_7)
DA:20,5
DA:21,5
DA:25,3
DA:45,0
DA:46,0
DA:47,0
DA:58,1
DA:63,1
DA:64,1
DA:65,0
LF:10
LH:6
BRDA:46,0,0,0
BRDA:46,0,1,0
BRF:2
BRH:0
end_of_record
TN:
SF:/Users/jessicahansen/turing/mod4/cross-pollination/ride-with-me/src/containers/CreateRide/CreateRide.js
FN:9,(anonymous_0)
FN:22,(anonymous_1)
FN:28,(anonymous_2)
FN:38,(anonymous_3)
FN:39,(anonymous_4)
FN:44,(anonymous_5)
FN:114,(anonymous_6)
FN:127,(anonymous_7)
FNF:8
FNH:5
FNDA:1,(anonymous_0)
FNDA:1,(anonymous_1)
FNDA:0,(anonymous_2)
FNDA:4,(anonymous_3)
FNDA:8,(anonymous_4)
FNDA:2,(anonymous_5)
FNDA:0,(anonymous_6)
FNDA:0,(anonymous_7)
DA:10,1
DA:11,1
DA:23,1
DA:24,1
DA:25,1
DA:28,1
DA:29,0
DA:30,0
DA:31,0
DA:32,0
DA:34,0
DA:38,1
DA:39,4
DA:40,8
DA:45,2
DA:46,2
DA:67,2
DA:115,0
DA:116,0
DA:117,0
DA:118,0
DA:127,2
LF:22
LH:13
BRDA:30,0,0,0
BRDA:30,0,1,0
BRDA:70,1,0,2
BRDA:70,1,1,0
BRDA:115,2,0,0
BRDA:115,2,1,0
BRDA:116,3,0,0
BRDA:116,3,1,0
BRDA:117,4,0,0
BRDA:117,4,1,0
BRDA:118,5,0,0
BRDA:118,5,1,0
BRF:12
BRH:1
end_of_record
TN:
SF:/Users/jessicahansen/turing/mod4/cross-pollination/ride-with-me/src/containers/Login/Login.js
FN:9,(anonymous_0)
FN:20,(anonymous_1)
FN:32,(anonymous_2)
FN:38,(anonymous_3)
FN:52,(anonymous_4)
FN:70,(anonymous_5)
FN:74,(anonymous_6)
FN:75,(anonymous_7)
FN:76,(anonymous_8)
FNF:9
FNH:8
FNDA:5,(anonymous_0)
FNDA:2,(anonymous_1)
FNDA:3,(anonymous_2)
FNDA:0,(anonymous_3)
FNDA:7,(anonymous_4)
FNDA:1,(anonymous_5)
FNDA:2,(anonymous_6)
FNDA:1,(anonymous_7)
FNDA:1,(anonymous_8)
DA:10,5
DA:11,5
DA:20,5
DA:21,2
DA:22,2
DA:29,2
DA:32,5
DA:33,3
DA:34,3
DA:35,3
DA:38,5
DA:49,0
DA:53,7
DA:70,2
DA:74,2
DA:75,1
DA:76,1
LF:17
LH:16
BRDA:64,0,0,7
BRDA:64,0,1,7
BRF:2
BRH:2
end_of_record
TN:
SF:/Users/jessicahansen/turing/mod4/cross-pollination/ride-with-me/src/containers/MyRequests/MyRequests.js
FN:43,(anonymous_0)
FN:52,(anonymous_1)
FN:55,(anonymous_2)
FN:65,(anonymous_3)
FN:76,(anonymous_4)
FN:92,(anonymous_5)
FNF:6
FNH:2
FNDA:1,(anonymous_0)
FNDA:0,(anonymous_1)
FNDA:0,(anonymous_2)
FNDA:0,(anonymous_3)
FNDA:0,(anonymous_4)
FNDA:1,(anonymous_5)
DA:8,2
DA:21,2
DA:30,2
DA:44,1
DA:45,1
DA:53,0
DA:54,0
DA:55,0
DA:56,0
DA:66,0
DA:67,0
DA:68,0
DA:69,0
DA:77,0
DA:78,0
DA:79,0
DA:80,0
DA:92,2
LF:18
LH:6
BRDA:48,0,0,1
BRDA:48,0,1,0
BRDA:53,1,0,0
BRDA:53,1,1,0
BRDA:54,2,0,0
BRDA:54,2,1,0
BRDA:66,3,0,0
BRDA:66,3,1,0
BRDA:67,4,0,0
BRDA:67,4,1,0
BRDA:68,5,0,0
BRDA:68,5,1,0
BRDA:69,6,0,0
BRDA:69,6,1,0
BRDA:77,7,0,0
BRDA:77,7,1,0
BRDA:78,8,0,0
BRDA:78,8,1,0
BRDA:79,9,0,0
BRDA:79,9,1,0
BRDA:80,10,0,0
BRDA:80,10,1,0
BRF:22
BRH:1
end_of_record
TN:
SF:/Users/jessicahansen/turing/mod4/cross-pollination/ride-with-me/src/containers/MyRides/MyRides.js
FN:10,(anonymous_0)
FN:35,(anonymous_1)
FN:38,(anonymous_2)
FN:58,(anonymous_3)
FNF:4
FNH:2
FNDA:1,(anonymous_0)
FNDA:0,(anonymous_1)
FNDA:0,(anonymous_2)
FNDA:1,(anonymous_3)
DA:11,1
DA:12,1
DA:30,1
DA:36,0
DA:37,0
DA:38,0
DA:39,0
DA:58,2
LF:8
LH:4
BRDA:32,0,0,1
BRDA:32,0,1,0
BRDA:36,1,0,0
BRDA:36,1,1,0
BRDA:37,2,0,0
BRDA:37,2,1,0
BRF:6
BRH:1
end_of_record
TN:
SF:/Users/jessicahansen/turing/mod4/cross-pollination/ride-with-me/src/containers/Profile/Profile.js
FN:9,(anonymous_0)
FN:13,(anonymous_1)
FN:33,(anonymous_2)
FN:37,(anonymous_3)
FN:38,(anonymous_4)
FNF:5
FNH:5
FNDA:1,(anonymous_0)
FNDA:2,(anonymous_1)
FNDA:1,(anonymous_2)
FNDA:1,(anonymous_3)
FNDA:1,(anonymous_4)
DA:9,2
DA:10,1
DA:14,2
DA:15,2
DA:33,2
DA:37,2
DA:38,1
LF:7
LH:7
BRDA:17,0,0,2
BRDA:17,0,1,0
BRF:2
BRH:1
end_of_record
TN:
SF:/Users/jessicahansen/turing/mod4/cross-pollination/ride-with-me/src/containers/RideInfo/RideInfo.js
FN:25,(anonymous_0)
FN:32,(anonymous_1)
FN:40,(anonymous_2)
FN:44,(anonymous_3)
FN:65,(anonymous_4)
FN:77,(anonymous_5)
FN:93,(anonymous_6)
FNF:7
FNH:1
FNDA:0,(anonymous_0)
FNDA:0,(anonymous_1)
FNDA:0,(anonymous_2)
FNDA:0,(anonymous_3)
FNDA:0,(anonymous_4)
FNDA:0,(anonymous_5)
FNDA:1,(anonymous_6)
DA:7,2
DA:16,2
DA:26,0
DA:27,0
DA:33,0
DA:34,0
DA:35,0
DA:36,0
DA:41,0
DA:42,0
DA:43,0
DA:44,0
DA:45,0
DA:47,0
DA:66,0
DA:67,0
DA:68,0
DA:69,0
DA:78,0
DA:79,0
DA:80,0
DA:81,0
DA:93,2
LF:23
LH:3
BRDA:35,0,0,0
BRDA:35,0,1,0
BRDA:53,1,0,0
BRDA:53,1,1,0
BRDA:60,2,0,0
BRDA:60,2,1,0
BRDA:66,3,0,0
BRDA:66,3,1,0
BRDA:67,4,0,0
BRDA:67,4,1,0
BRDA:68,5,0,0
BRDA:68,5,1,0
BRDA:69,6,0,0
BRDA:69,6,1,0
BRDA:72,7,0,0
BRDA:72,7,1,0
BRDA:78,8,0,0
BRDA:78,8,1,0
BRDA:79,9,0,0
BRDA:79,9,1,0
BRDA:80,10,0,0
BRDA:80,10,1,0
BRDA:81,11,0,0
BRDA:81,11,1,0
BRF:24
BRH:0
end_of_record
TN:
SF:/Users/jessicahansen/turing/mod4/cross-pollination/ride-with-me/src/containers/RideRequest/RideRequest.js
FN:8,(anonymous_0)
FN:15,(anonymous_1)
FN:20,(anonymous_2)
FN:48,(anonymous_3)
FN:51,(anonymous_4)
FN:68,(anonymous_5)
FNF:6
FNH:4
FNDA:3,(anonymous_0)
FNDA:1,(anonymous_1)
FNDA:4,(anonymous_2)
FNDA:0,(anonymous_3)
FNDA:0,(anonymous_4)
FNDA:1,(anonymous_5)
DA:9,3
DA:10,3
DA:15,3
DA:16,1
DA:17,1
DA:21,4
DA:22,4
DA:23,4
DA:24,4
DA:35,4
DA:49,0
DA:50,0
DA:51,0
DA:52,0
DA:53,0
DA:59,0
DA:68,3
LF:17
LH:11
BRDA:49,0,0,0
BRDA:49,0,1,0
BRDA:50,1,0,0
BRDA:50,1,1,0
BRDA:51,2,0,0
BRDA:51,2,1,0
BRDA:59,3,0,0
BRDA:59,3,1,0
BRF:8
BRH:0
end_of_record
TN:
SF:/Users/jessicahansen/turing/mod4/cross-pollination/ride-with-me/src/containers/RideSearch/RideSearch.js
FN:10,(anonymous_0)
FN:22,(anonymous_1)
FN:27,(anonymous_2)
FN:39,(anonymous_3)
FN:40,(anonymous_4)
FN:45,(anonymous_5)
FN:49,(anonymous_6)
FN:55,(anonymous_7)
FN:97,(anonymous_8)
FN:104,(anonymous_9)
FN:105,(anonymous_10)
FNF:11
FNH:2
FNDA:2,(anonymous_0)
FNDA:0,(anonymous_1)
FNDA:0,(anonymous_2)
FNDA:0,(anonymous_3)
FNDA:0,(anonymous_4)
FNDA:0,(anonymous_5)
FNDA:2,(anonymous_6)
FNDA:0,(anonymous_7)
FNDA:0,(anonymous_8)
FNDA:0,(anonymous_9)
FNDA:0,(anonymous_10)
DA:11,2
DA:12,2
DA:22,2
DA:23,0
DA:24,0
DA:27,2
DA:29,0
DA:30,0
DA:31,0
DA:32,0
DA:34,0
DA:36,0
DA:39,2
DA:40,0
DA:41,0
DA:45,2
DA:46,0
DA:50,2
DA:51,2
DA:54,2
DA:55,0
DA:56,0
DA:59,2
DA:61,2
DA:97,2
DA:104,2
DA:105,0
LF:27
LH:13
BRDA:31,0,0,0
BRDA:31,0,1,0
BRDA:54,1,0,0
BRDA:54,1,1,2
BRDA:59,2,0,0
BRDA:59,2,1,2
BRDA:64,3,0,2
BRDA:64,3,1,2
BRDA:65,4,0,0
BRDA:65,4,1,2
BRDA:90,5,0,2
BRDA:90,5,1,0
BRF:12
BRH:6
end_of_record
TN:
SF:/Users/jessicahansen/turing/mod4/cross-pollination/ride-with-me/src/reducers/citiesReducer.js
FN:1,(anonymous_0)
FNF:1
FNH:1
FNDA:2,(anonymous_0)
DA:1,1
DA:2,2
DA:4,1
DA:7,1
LF:4
LH:4
BRDA:1,0,0,0
BRDA:2,1,0,1
BRDA:2,1,1,1
BRF:3
BRH:2
end_of_record
TN:
SF:/Users/jessicahansen/turing/mod4/cross-pollination/ride-with-me/src/reducers/errorReducer.js
FN:1,(anonymous_0)
FNF:1
FNH:1
FNDA:2,(anonymous_0)
DA:1,1
DA:2,2
DA:4,1
DA:7,1
LF:4
LH:4
BRDA:1,0,0,0
BRDA:2,1,0,1
BRDA:2,1,1,1
BRF:3
BRH:2
end_of_record
TN:
SF:/Users/jessicahansen/turing/mod4/cross-pollination/ride-with-me/src/reducers/loadingReducer.js
FN:1,(anonymous_0)
FNF:1
FNH:1
FNDA:2,(anonymous_0)
DA:1,1
DA:2,2
DA:4,1
DA:7,1
LF:4
LH:4
BRDA:1,0,0,0
BRDA:2,1,0,1
BRDA:2,1,1,1
BRF:3
BRH:2
end_of_record
TN:
SF:/Users/jessicahansen/turing/mod4/cross-pollination/ride-with-me/src/reducers/ridesReducer.js
FN:1,(anonymous_0)
FNF:1
FNH:1
FNDA:2,(anonymous_0)
DA:1,1
DA:2,2
DA:4,1
DA:7,1
LF:4
LH:4
BRDA:1,0,0,0
BRDA:2,1,0,1
BRDA:2,1,1,1
BRF:3
BRH:2
end_of_record
TN:
SF:/Users/jessicahansen/turing/mod4/cross-pollination/ride-with-me/src/reducers/searchResultsReducer.js
FN:1,(anonymous_0)
FNF:1
FNH:1
FNDA:2,(anonymous_0)
DA:1,1
DA:2,2
DA:4,1
DA:7,1
LF:4
LH:4
BRDA:1,0,0,0
BRDA:2,1,0,1
BRDA:2,1,1,1
BRF:3
BRH:2
end_of_record
TN:
SF:/Users/jessicahansen/turing/mod4/cross-pollination/ride-with-me/src/reducers/searchableCitiesReducer.js
FN:1,(anonymous_0)
FNF:1
FNH:1
FNDA:2,(anonymous_0)
DA:1,1
DA:2,2
DA:4,1
DA:7,1
LF:4
LH:4
BRDA:1,0,0,0
BRDA:2,1,0,1
BRDA:2,1,1,1
BRF:3
BRH:2
end_of_record
TN:
SF:/Users/jessicahansen/turing/mod4/cross-pollination/ride-with-me/src/reducers/userReducer.js
FN:1,(anonymous_0)
FNF:1
FNH:1
FNDA:3,(anonymous_0)
DA:1,1
DA:2,3
DA:4,1
DA:7,1
DA:10,1
LF:5
LH:5
BRDA:1,0,0,0
BRDA:2,1,0,1
BRDA:2,1,1,1
BRDA:2,1,2,1
BRF:4
BRH:3
end_of_record
TN:
SF:/Users/jessicahansen/turing/mod4/cross-pollination/ride-with-me/src/thunks/fetchCities.js
FN:4,(anonymous_0)
FN:5,(anonymous_1)
FNF:2
FNH:2
FNDA:2,(anonymous_0)
FNDA:2,(anonymous_1)
DA:4,2
DA:5,2
DA:6,2
DA:7,2
DA:8,2
DA:9,2
DA:10,2
DA:11,2
DA:12,2
DA:13,1
DA:15,1
DA:16,1
DA:17,1
DA:18,1
DA:20,1
DA:21,1
LF:16
LH:16
BRDA:12,0,0,1
BRDA:12,0,1,1
BRF:2
BRH:2
end_of_record
TN:
SF:/Users/jessicahansen/turing/mod4/cross-pollination/ride-with-me/src/thunks/fetchRideInfo.js
FN:4,(anonymous_0)
FN:5,(anonymous_1)
FNF:2
FNH:2
FNDA:2,(anonymous_0)
FNDA:2,(anonymous_1)
DA:4,2
DA:5,2
DA:6,2
DA:7,2
DA:8,2
DA:9,2
DA:10,2
DA:11,2
DA:12,2
DA:13,1
DA:15,1
DA:16,1
DA:17,1
DA:18,1
DA:20,1
DA:21,1
LF:16
LH:16
BRDA:12,0,0,1
BRDA:12,0,1,1
BRF:2
BRH:2
end_of_record
TN:
SF:/Users/jessicahansen/turing/mod4/cross-pollination/ride-with-me/src/thunks/fetchRideSearch.js
FN:4,(anonymous_0)
FN:5,(anonymous_1)
FNF:2
FNH:2
FNDA:2,(anonymous_0)
FNDA:2,(anonymous_1)
DA:4,3
DA:5,2
DA:6,2
DA:7,2
DA:8,2
DA:9,2
DA:10,2
DA:11,2
DA:12,1
DA:14,1
DA:15,1
DA:16,1
DA:18,1
DA:19,1
LF:14
LH:14
BRDA:11,0,0,1
BRDA:11,0,1,1
BRF:2
BRH:2
end_of_record
TN:
SF:/Users/jessicahansen/turing/mod4/cross-pollination/ride-with-me/src/thunks/fetchSearchableCities.js
FN:4,(anonymous_0)
FN:5,(anonymous_1)
FNF:2
FNH:2
FNDA:2,(anonymous_0)
FNDA:2,(anonymous_1)
DA:4,1
DA:5,2
DA:6,2
DA:7,2
DA:8,2
DA:9,2
DA:10,2
DA:11,2
DA:12,2
DA:13,1
DA:15,1
DA:16,1
DA:17,1
DA:18,1
DA:20,1
DA:21,1
LF:16
LH:16
BRDA:12,0,0,1
BRDA:12,0,1,1
BRF:2
BRH:2
end_of_record
TN:
SF:/Users/jessicahansen/turing/mod4/cross-pollination/ride-with-me/src/thunks/mutateLogin.js
FN:3,(anonymous_0)
FN:4,(anonymous_1)
FNF:2
FNH:2
FNDA:2,(anonymous_0)
FNDA:2,(anonymous_1)
DA:3,3
DA:4,2
DA:5,2
DA:6,2
DA:7,2
DA:8,2
DA:9,2
DA:10,2
DA:11,2
DA:12,1
DA:14,1
DA:15,1
DA:16,1
DA:17,1
DA:19,1
DA:20,1
LF:16
LH:16
BRDA:11,0,0,1
BRDA:11,0,1,1
BRF:2
BRH:2
end_of_record
TN:
SF:/Users/jessicahansen/turing/mod4/cross-pollination/ride-with-me/src/utils/fetchOptionsCreator.js
FN:1,(anonymous_0)
FNF:1
FNH:1
FNDA:9,(anonymous_0)
DA:1,9
LF:1
LH:1
BRF:0
BRH:0
end_of_record
